Log file open, 02/27/20 18:45:55
LogWindows: Failed to load 'aqProf.dll' (GetLastError=126)
LogWindows: File 'aqProf.dll' does not exist
LogWindows: Failed to load 'VtuneApi.dll' (GetLastError=126)
LogWindows: File 'VtuneApi.dll' does not exist
LogWindows: Failed to load 'VtuneApi32e.dll' (GetLastError=126)
LogWindows: File 'VtuneApi32e.dll' does not exist
LogConsoleResponse: Display: Failed to find resolution value strings in scalability ini. Falling back to default.
LogInit: Display: Running engine for game: DungeonsAndPixels
LogPlatformFile: Not using cached read wrapper
LogTaskGraph: Started task graph with 5 named threads and 35 total threads with 3 sets of task threads.
LogStats: Stats thread started at 0.063879
LogD3D11RHI: Loaded GFSDK_Aftermath_Lib.x64.dll
LogICUInternationalization: ICU TimeZone Detection - Raw Offset: -8:00, Platform Override: ''
LogPluginManager: Mounting plugin Paper2D
LogPluginManager: Mounting plugin AISupport
LogPluginManager: Mounting plugin LightPropagationVolume
LogPluginManager: Mounting plugin ActorLayerUtilities
LogPluginManager: Mounting plugin AnimationSharing
LogPluginManager: Mounting plugin CLionSourceCodeAccess
LogPluginManager: Mounting plugin CodeLiteSourceCodeAccess
LogPluginManager: Mounting plugin GitSourceControl
LogPluginManager: Mounting plugin KDevelopSourceCodeAccess
LogPluginManager: Mounting plugin NullSourceCodeAccess
LogPluginManager: Mounting plugin PerforceSourceControl
LogPluginManager: Mounting plugin PlasticSourceControl
LogPluginManager: Mounting plugin SubversionSourceControl
LogPluginManager: Mounting plugin UObjectPlugin
LogPluginManager: Mounting plugin VisualStudioCodeSourceCodeAccess
LogPluginManager: Mounting plugin VisualStudioSourceCodeAccess
LogPluginManager: Mounting plugin XCodeSourceCodeAccess
LogPluginManager: Mounting plugin AssetManagerEditor
LogPluginManager: Mounting plugin CryptoKeys
LogPluginManager: Mounting plugin CurveEditorTools
LogPluginManager: Mounting plugin DataValidation
LogPluginManager: Mounting plugin FacialAnimation
LogPluginManager: Mounting plugin GameplayTagsEditor
LogPluginManager: Mounting plugin MacGraphicsSwitching
LogPluginManager: Mounting plugin MaterialAnalyzer
LogPluginManager: Mounting plugin MobileLauncherProfileWizard
LogPluginManager: Mounting plugin PluginBrowser
LogPluginManager: Mounting plugin SpeedTreeImporter
LogPluginManager: Mounting plugin DatasmithContent
LogPluginManager: Mounting plugin VariantManagerContent
LogPluginManager: Mounting plugin AlembicImporter
LogPluginManager: Mounting plugin AutomationUtils
LogPluginManager: Mounting plugin BackChannel
LogPluginManager: Mounting plugin CharacterAI
LogPluginManager: Mounting plugin GeometryCache
LogPluginManager: Mounting plugin PlatformCrypto
LogPluginManager: Mounting plugin ProxyLODPlugin
LogPluginManager: Mounting plugin SkeletalReduction
LogPluginManager: Mounting plugin MagicLeap
LogPluginManager: Mounting plugin MagicLeapMedia
LogPluginManager: Mounting plugin MLSDK
LogPluginManager: Mounting plugin AndroidMedia
LogPluginManager: Mounting plugin AvfMedia
LogPluginManager: Mounting plugin ImgMedia
LogPluginManager: Mounting plugin MediaCompositing
LogPluginManager: Mounting plugin MediaPlayerEditor
LogPluginManager: Mounting plugin WebMMedia
LogPluginManager: Mounting plugin WmfMedia
LogPluginManager: Mounting plugin TcpMessaging
LogPluginManager: Mounting plugin UdpMessaging
LogPluginManager: Mounting plugin ActorSequence
LogPluginManager: Mounting plugin LevelSequenceEditor
LogPluginManager: Mounting plugin MatineeToLevelSequence
LogPluginManager: Mounting plugin NetcodeUnitTest
LogPluginManager: Mounting plugin NUTUnrealEngine4
LogPluginManager: Mounting plugin OnlineSubsystemGooglePlay
LogPluginManager: Mounting plugin OnlineSubsystemIOS
LogPluginManager: Mounting plugin OnlineSubsystem
LogPluginManager: Mounting plugin OnlineSubsystemNull
LogPluginManager: Mounting plugin OnlineSubsystemUtils
LogPluginManager: Mounting plugin LauncherChunkInstaller
LogPluginManager: Mounting plugin AndroidDeviceProfileSelector
LogPluginManager: Mounting plugin AndroidMoviePlayer
LogPluginManager: Mounting plugin AndroidPermission
LogPluginManager: Mounting plugin AppleImageUtils
LogPluginManager: Mounting plugin AppleMoviePlayer
LogPluginManager: Mounting plugin ArchVisCharacter
LogPluginManager: Mounting plugin AssetTags
LogPluginManager: Mounting plugin AudioCapture
LogPluginManager: Mounting plugin CableComponent
LogPluginManager: Mounting plugin CustomMeshComponent
LogPluginManager: Mounting plugin EditableMesh
LogPluginManager: Mounting plugin ExampleDeviceProfileSelector
LogPluginManager: Mounting plugin GoogleCloudMessaging
LogPluginManager: Mounting plugin IOSDeviceProfileSelector
LogPluginManager: Mounting plugin LinuxDeviceProfileSelector
LogPluginManager: Mounting plugin LocationServicesBPLibrary
LogPluginManager: Mounting plugin MobilePatchingUtils
LogPluginManager: Mounting plugin OculusVR
LogPluginManager: Mounting plugin PhysXVehicles
LogPluginManager: Mounting plugin PostSplashScreen
LogPluginManager: Mounting plugin ProceduralMeshComponent
LogPluginManager: Mounting plugin RuntimePhysXCooking
LogPluginManager: Mounting plugin SignificanceManager
LogPluginManager: Mounting plugin SteamVR
LogPluginManager: Mounting plugin WebMMoviePlayer
LogPluginManager: Mounting plugin WindowsMoviePlayer
LogPluginManager: Mounting plugin ScreenshotTools
Launching UnrealBuildTool... [D:/APPS/UE_4.24/Engine/Binaries/DotNET/UnrealBuildTool.exe -Mode=QueryTargets -Project="D:/UEtrials/SELF_PROJECTS/DungeonsAndPixelsRepo/DungeonsAndPixels/DungeonsAndPixels/DungeonsAndPixels.uproject" -Output="D:/UEtrials/SELF_PROJECTS/DungeonsAndPixelsRepo/DungeonsAndPixels/DungeonsAndPixels/Intermediate/TargetInfo.json"]
LogInit: Using libcurl 7.55.1-DEV
LogInit:  - built for x86_64-pc-win32
LogInit:  - supports SSL with OpenSSL/1.1.1
LogInit:  - supports HTTP deflate (compression) using libz 1.2.8
LogInit:  - other features:
LogInit:      CURL_VERSION_SSL
LogInit:      CURL_VERSION_LIBZ
LogInit:      CURL_VERSION_IPV6
LogInit:      CURL_VERSION_ASYNCHDNS
LogInit:      CURL_VERSION_LARGEFILE
LogInit:      CURL_VERSION_IDN
LogInit:  CurlRequestOptions (configurable via config and command line):
LogInit:  - bVerifyPeer = true  - Libcurl will verify peer certificate
LogInit:  - bUseHttpProxy = false  - Libcurl will NOT use HTTP proxy
LogInit:  - bDontReuseConnections = false  - Libcurl will reuse connections
LogInit:  - MaxHostConnections = 16  - Libcurl will limit the number of connections to a host
LogInit:  - LocalHostAddr = Default
LogInit:  - BufferSize = 65536
LogOnline: OSS: Creating online subsystem instance for: NULL
LogInit: WinSock: version 1.1 (2.2), MaxSocks=32767, MaxUdp=65467
LogOnline: OSS: TryLoadSubsystemAndSetDefault: Loaded subsystem for module [NULL]
LogInit: Build: ++UE4+Release-4.24-CL-11590370
LogInit: Engine Version: 4.24.3-11590370+++UE4+Release-4.24
LogInit: Compatible Engine Version: 4.24.0-10570792+++UE4+Release-4.24
LogInit: Net CL: 10570792
LogInit: OS: Windows 10 (Release 1903) (), CPU: Intel(R) Core(TM) i7-8700K CPU @ 3.70GHz, GPU: NVIDIA GeForce GTX 1080 Ti
LogInit: Compiled (64-bit): Feb 24 2020 15:39:18
LogInit: Compiled with Visual C++: 19.16.27032.01
LogInit: Build Configuration: Development
LogInit: Branch Name: ++UE4+Release-4.24
LogInit: Command Line: 
LogInit: Base Directory: D:/APPS/UE_4.24/Engine/Binaries/Win64/
LogInit: Installed Engine Build: 1
LogDevObjectVersion: Number of dev versions registered: 25
LogDevObjectVersion:   Dev-Blueprints (B0D832E4-1F89-4F0D-ACCF-7EB736FD4AA2): 10
LogDevObjectVersion:   Dev-Build (E1C64328-A22C-4D53-A36C-8E866417BD8C): 0
LogDevObjectVersion:   Dev-Core (375EC13C-06E4-48FB-B500-84F0262A717E): 3
LogDevObjectVersion:   Dev-Editor (E4B068ED-F494-42E9-A231-DA0B2E46BB41): 37
LogDevObjectVersion:   Dev-Framework (CFFC743F-43B0-4480-9391-14DF171D2073): 36
LogDevObjectVersion:   Dev-Mobile (B02B49B5-BB20-44E9-A304-32B752E40360): 2
LogDevObjectVersion:   Dev-Networking (A4E4105C-59A1-49B5-A7C5-40C4547EDFEE): 0
LogDevObjectVersion:   Dev-Online (39C831C9-5AE6-47DC-9A44-9C173E1C8E7C): 0
LogDevObjectVersion:   Dev-Physics (78F01B33-EBEA-4F98-B9B4-84EACCB95AA2): 2
LogDevObjectVersion:   Dev-Platform (6631380F-2D4D-43E0-8009-CF276956A95A): 0
LogDevObjectVersion:   Dev-Rendering (12F88B9F-8875-4AFC-A67C-D90C383ABD29): 36
LogDevObjectVersion:   Dev-Sequencer (7B5AE74C-D270-4C10-A958-57980B212A5A): 11
LogDevObjectVersion:   Dev-VR (D7296918-1DD6-4BDD-9DE2-64A83CC13884): 2
LogDevObjectVersion:   Dev-LoadTimes (C2A15278-BFE7-4AFE-6C17-90FF531DF755): 1
LogDevObjectVersion:   Private-Geometry (6EACA3D4-40EC-4CC1-B786-8BED09428FC5): 3
LogDevObjectVersion:   Dev-AnimPhys (29E575DD-E0A3-4627-9D10-D276232CDCEA): 17
LogDevObjectVersion:   Dev-Anim (AF43A65D-7FD3-4947-9873-3E8ED9C1BB05): 2
LogDevObjectVersion:   Dev-ReflectionCapture (6B266CEC-1EC7-4B8F-A30B-E4D90942FC07): 1
LogDevObjectVersion:   Dev-Automation (0DF73D61-A23F-47EA-B727-89E90C41499A): 1
LogDevObjectVersion:   FortniteMain (601D1886-AC64-4F84-AA16-D3DE0DEAC7D6): 31
LogDevObjectVersion:   Dev-Enterprise (9DFFBCD6-494F-0158-E221-12823C92A888): 8
LogDevObjectVersion:   Dev-Niagara (F2AED0AC-9AFE-416F-8664-AA7FFA26D6FC): 1
LogDevObjectVersion:   Dev-Destruction (174F1F0B-B4C6-45A5-B13F-2EE8D0FB917D): 9
LogDevObjectVersion:   Dev-Physics-Ext (35F94A83-E258-406C-A318-09F59610247C): 8
LogDevObjectVersion:   Dev-CineCamera (B2E18506-4273-CFC2-A54E-F4BB758BBA07): 1
LogInit: Presizing for max 25165824 objects, including 0 objects not considered by GC, pre-allocating 0 bytes for permanent pool.
LogInit: Object subsystem initialized
LogConfig: Setting CVar [[con.DebugEarlyDefault:1]]
LogConfig: Setting CVar [[r.setres:1280x720]]
[2020.02.28-02.45.56:302][  0]LogConfig: Setting CVar [[r.VSync:0]]
[2020.02.28-02.45.56:302][  0]LogConfig: Setting CVar [[r.RHICmdBypass:0]]
[2020.02.28-02.45.56:302][  0]LogConfig: Applying CVar settings from Section [/Script/Engine.RendererSettings] File [D:/UEtrials/SELF_PROJECTS/DungeonsAndPixelsRepo/DungeonsAndPixels/DungeonsAndPixels/Saved/Config/Windows/Engine.ini]
[2020.02.28-02.45.56:302][  0]LogConfig: Setting CVar [[r.GPUCrashDebugging:0]]
[2020.02.28-02.45.56:302][  0]LogConfig: Setting CVar [[r.MobileHDR:1]]
[2020.02.28-02.45.56:302][  0]LogConfig: Setting CVar [[r.Mobile.DisableVertexFog:1]]
[2020.02.28-02.45.56:302][  0]LogConfig: Setting CVar [[r.Shadow.CSM.MaxMobileCascades:2]]
[2020.02.28-02.45.56:302][  0]LogConfig: Setting CVar [[r.MobileMSAA:1]]
[2020.02.28-02.45.56:302][  0]LogConfig: Setting CVar [[r.Mobile.UseLegacyShadingModel:0]]
[2020.02.28-02.45.56:302][  0]LogConfig: Setting CVar [[r.Mobile.UseHWsRGBEncoding:0]]
[2020.02.28-02.45.56:302][  0]LogConfig: Setting CVar [[r.Mobile.AllowDitheredLODTransition:0]]
[2020.02.28-02.45.56:302][  0]LogConfig: Setting CVar [[r.Mobile.AllowSoftwareOcclusion:0]]
[2020.02.28-02.45.56:302][  0]LogConfig: Setting CVar [[r.DiscardUnusedQuality:0]]
[2020.02.28-02.45.56:302][  0]LogConfig: Setting CVar [[r.AllowOcclusionQueries:1]]
[2020.02.28-02.45.56:302][  0]LogConfig: Setting CVar [[r.MinScreenRadiusForLights:0.030000]]
[2020.02.28-02.45.56:302][  0]LogConfig: Setting CVar [[r.MinScreenRadiusForDepthPrepass:0.030000]]
[2020.02.28-02.45.56:302][  0]LogConfig: Setting CVar [[r.MinScreenRadiusForCSMDepth:0.010000]]
[2020.02.28-02.45.56:302][  0]LogConfig: Setting CVar [[r.PrecomputedVisibilityWarning:0]]
[2020.02.28-02.45.56:302][  0]LogConfig: Setting CVar [[r.TextureStreaming:1]]
[2020.02.28-02.45.56:302][  0]LogConfig: Setting CVar [[Compat.UseDXT5NormalMaps:0]]
[2020.02.28-02.45.56:302][  0]LogConfig: Setting CVar [[r.VirtualTextures:0]]
[2020.02.28-02.45.56:302][  0]LogConfig: Setting CVar [[r.VirtualTexturedLightmaps:0]]
[2020.02.28-02.45.56:302][  0]LogConfig: Setting CVar [[r.VT.TileSize:128]]
[2020.02.28-02.45.56:302][  0]LogConfig: Setting CVar [[r.VT.TileBorderSize:4]]
[2020.02.28-02.45.56:302][  0]LogConfig: Setting CVar [[r.vt.FeedbackFactor:16]]
[2020.02.28-02.45.56:302][  0]LogConfig: Setting CVar [[r.VT.EnableCompressZlib:1]]
[2020.02.28-02.45.56:302][  0]LogConfig: Setting CVar [[r.VT.EnableCompressCrunch:0]]
[2020.02.28-02.45.56:302][  0]LogConfig: Setting CVar [[r.ClearCoatNormal:0]]
[2020.02.28-02.45.56:302][  0]LogConfig: Setting CVar [[r.ReflectionCaptureResolution:128]]
[2020.02.28-02.45.56:302][  0]LogConfig: Setting CVar [[r.ReflectionEnvironmentLightmapMixBasedOnRoughness:1]]
[2020.02.28-02.45.56:302][  0]LogConfig: Setting CVar [[r.ForwardShading:0]]
[2020.02.28-02.45.56:302][  0]LogConfig: Setting CVar [[r.VertexFoggingForOpaque:1]]
[2020.02.28-02.45.56:302][  0]LogConfig: Setting CVar [[r.AllowStaticLighting:1]]
[2020.02.28-02.45.56:302][  0]LogConfig: Setting CVar [[r.NormalMapsForStaticLighting:0]]
[2020.02.28-02.45.56:302][  0]LogConfig: Setting CVar [[r.GenerateMeshDistanceFields:0]]
[2020.02.28-02.45.56:302][  0]LogConfig: Setting CVar [[r.DistanceFieldBuild.EightBit:0]]
[2020.02.28-02.45.56:302][  0]LogConfig: Setting CVar [[r.GenerateLandscapeGIData:0]]
[2020.02.28-02.45.56:303][  0]LogConfig: Setting CVar [[r.DistanceFieldBuild.Compress:0]]
[2020.02.28-02.45.56:303][  0]LogConfig: Setting CVar [[r.TessellationAdaptivePixelsPerTriangle:48.000000]]
[2020.02.28-02.45.56:303][  0]LogConfig: Setting CVar [[r.SeparateTranslucency:1]]
[2020.02.28-02.45.56:303][  0]LogConfig: Setting CVar [[r.TranslucentSortPolicy:0]]
[2020.02.28-02.45.56:303][  0]LogConfig: Setting CVar [[r.CustomDepth:1]]
[2020.02.28-02.45.56:303][  0]LogConfig: Setting CVar [[r.CustomDepthTemporalAAJitter:1]]
[2020.02.28-02.45.56:303][  0]LogConfig: Setting CVar [[r.PostProcessing.PropagateAlpha:0]]
[2020.02.28-02.45.56:303][  0]LogConfig: Setting CVar [[r.DefaultFeature.Bloom:1]]
[2020.02.28-02.45.56:303][  0]LogConfig: Setting CVar [[r.DefaultFeature.AmbientOcclusion:1]]
[2020.02.28-02.45.56:303][  0]LogConfig: Setting CVar [[r.DefaultFeature.AmbientOcclusionStaticFraction:1]]
[2020.02.28-02.45.56:303][  0]LogConfig: Setting CVar [[r.DefaultFeature.AutoExposure:1]]
[2020.02.28-02.45.56:303][  0]LogConfig: Setting CVar [[r.DefaultFeature.AutoExposure.Method:0]]
[2020.02.28-02.45.56:303][  0]LogConfig: Setting CVar [[r.DefaultFeature.AutoExposure.ExtendDefaultLuminanceRange:0]]
[2020.02.28-02.45.56:303][  0]LogConfig: Setting CVar [[r.UsePreExposure:1]]
[2020.02.28-02.45.56:303][  0]LogConfig: Setting CVar [[r.EyeAdaptation.EditorOnly:1]]
[2020.02.28-02.45.56:303][  0]LogConfig: Setting CVar [[r.DefaultFeature.MotionBlur:1]]
[2020.02.28-02.45.56:303][  0]LogConfig: Setting CVar [[r.DefaultFeature.LensFlare:0]]
[2020.02.28-02.45.56:303][  0]LogConfig: Setting CVar [[r.TemporalAA.Upsampling:0]]
[2020.02.28-02.45.56:303][  0]LogConfig: Setting CVar [[r.SSGI.Enable:0]]
[2020.02.28-02.45.56:303][  0]LogConfig: Setting CVar [[r.DefaultFeature.AntiAliasing:2]]
[2020.02.28-02.45.56:303][  0]LogConfig: Setting CVar [[r.DefaultFeature.LightUnits:1]]
[2020.02.28-02.45.56:303][  0]LogConfig: Setting CVar [[r.DefaultBackBufferPixelFormat:4]]
[2020.02.28-02.45.56:303][  0]LogConfig: Setting CVar [[r.Shadow.UnbuiltPreviewInGame:1]]
[2020.02.28-02.45.56:303][  0]LogConfig: Setting CVar [[r.StencilForLODDither:0]]
[2020.02.28-02.45.56:303][  0]LogConfig: Setting CVar [[r.EarlyZPass:3]]
[2020.02.28-02.45.56:303][  0]LogConfig: Setting CVar [[r.EarlyZPassOnlyMaterialMasking:0]]
[2020.02.28-02.45.56:303][  0]LogConfig: Setting CVar [[r.DBuffer:1]]
[2020.02.28-02.45.56:303][  0]LogConfig: Setting CVar [[r.ClearSceneMethod:1]]
[2020.02.28-02.45.56:303][  0]LogConfig: Setting CVar [[r.BasePassOutputsVelocity:0]]
[2020.02.28-02.45.56:303][  0]LogConfig: Setting CVar [[r.SelectiveBasePassOutputs:0]]
[2020.02.28-02.45.56:303][  0]LogConfig: Setting CVar [[fx.GPUSimulationTextureSizeX:1024]]
[2020.02.28-02.45.56:303][  0]LogConfig: Setting CVar [[fx.GPUSimulationTextureSizeY:1024]]
[2020.02.28-02.45.56:303][  0]LogConfig: Setting CVar [[r.AllowGlobalClipPlane:0]]
[2020.02.28-02.45.56:303][  0]LogConfig: Setting CVar [[r.GBufferFormat:1]]
[2020.02.28-02.45.56:303][  0]LogConfig: Setting CVar [[r.MorphTarget.Mode:1]]
[2020.02.28-02.45.56:303][  0]LogConfig: Setting CVar [[vr.InstancedStereo:0]]
[2020.02.28-02.45.56:303][  0]LogConfig: Setting CVar [[vr.MultiView:0]]
[2020.02.28-02.45.56:303][  0]LogConfig: Setting CVar [[vr.MobileMultiView:0]]
[2020.02.28-02.45.56:303][  0]LogConfig: Setting CVar [[vr.MobileMultiView.Direct:0]]
[2020.02.28-02.45.56:303][  0]LogConfig: Setting CVar [[vr.RoundRobinOcclusion:0]]
[2020.02.28-02.45.56:303][  0]LogConfig: Setting CVar [[vr.ODSCapture:0]]
[2020.02.28-02.45.56:303][  0]LogConfig: Setting CVar [[r.WireframeCullThreshold:5.000000]]
[2020.02.28-02.45.56:303][  0]LogConfig: Setting CVar [[r.RayTracing:0]]
[2020.02.28-02.45.56:303][  0]LogConfig: Setting CVar [[r.RayTracing.UseTextureLod:0]]
[2020.02.28-02.45.56:303][  0]LogConfig: Setting CVar [[r.SupportStationarySkylight:1]]
[2020.02.28-02.45.56:303][  0]LogConfig: Setting CVar [[r.SupportLowQualityLightmaps:1]]
[2020.02.28-02.45.56:303][  0]LogConfig: Setting CVar [[r.SupportPointLightWholeSceneShadows:1]]
[2020.02.28-02.45.56:303][  0]LogConfig: Setting CVar [[r.SupportAtmosphericFog:1]]
[2020.02.28-02.45.56:303][  0]LogConfig: Setting CVar [[r.SupportSkyAtmosphere:1]]
[2020.02.28-02.45.56:303][  0]LogConfig: Setting CVar [[r.SupportSkyAtmosphereAffectsHeightFog:0]]
[2020.02.28-02.45.56:303][  0]LogConfig: Setting CVar [[r.SkinCache.CompileShaders:0]]
[2020.02.28-02.45.56:303][  0]LogConfig: Setting CVar [[r.Mobile.EnableStaticAndCSMShadowReceivers:1]]
[2020.02.28-02.45.56:303][  0]LogConfig: Setting CVar [[r.Mobile.EnableMovableLightCSMShaderCulling:1]]
[2020.02.28-02.45.56:303][  0]LogConfig: Setting CVar [[r.Mobile.AllowDistanceFieldShadows:1]]
[2020.02.28-02.45.56:303][  0]LogConfig: Setting CVar [[r.Mobile.AllowMovableDirectionalLights:1]]
[2020.02.28-02.45.56:303][  0]LogConfig: Setting CVar [[r.MobileNumDynamicPointLights:4]]
[2020.02.28-02.45.56:303][  0]LogConfig: Setting CVar [[r.MobileDynamicPointLightsUseStaticBranch:1]]
[2020.02.28-02.45.56:303][  0]LogConfig: Setting CVar [[r.Mobile.EnableMovableSpotlights:0]]
[2020.02.28-02.45.56:303][  0]LogConfig: Setting CVar [[r.SkinCache.SceneMemoryLimitInMB:128.000000]]
[2020.02.28-02.45.56:303][  0]LogConfig: Setting CVar [[r.GPUSkin.Limit2BoneInfluences:0]]
[2020.02.28-02.45.56:303][  0]LogConfig: Setting CVar [[r.SupportDepthOnlyIndexBuffers:1]]
[2020.02.28-02.45.56:303][  0]LogConfig: Setting CVar [[r.SupportReversedIndexBuffers:1]]
[2020.02.28-02.45.56:303][  0]LogConfig: Setting CVar [[r.SupportMaterialLayers:0]]
[2020.02.28-02.45.56:303][  0]LogConfig: Setting CVar [[r.LightPropagationVolume:0]]
[2020.02.28-02.45.56:303][  0]LogConfig: Applying CVar settings from Section [/Script/Engine.RendererOverrideSettings] File [D:/UEtrials/SELF_PROJECTS/DungeonsAndPixelsRepo/DungeonsAndPixels/DungeonsAndPixels/Saved/Config/Windows/Engine.ini]
[2020.02.28-02.45.56:303][  0]LogConfig: Applying CVar settings from Section [/Script/Engine.StreamingSettings] File [D:/UEtrials/SELF_PROJECTS/DungeonsAndPixelsRepo/DungeonsAndPixels/DungeonsAndPixels/Saved/Config/Windows/Engine.ini]
[2020.02.28-02.45.56:303][  0]LogConfig: Setting CVar [[s.MinBulkDataSizeForAsyncLoading:131072]]
[2020.02.28-02.45.56:303][  0]LogConfig: Setting CVar [[s.AsyncLoadingThreadEnabled:0]]
[2020.02.28-02.45.56:303][  0]LogConfig: Setting CVar [[s.EventDrivenLoaderEnabled:1]]
[2020.02.28-02.45.56:303][  0]LogConfig: Setting CVar [[s.WarnIfTimeLimitExceeded:0]]
[2020.02.28-02.45.56:303][  0]LogConfig: Setting CVar [[s.TimeLimitExceededMultiplier:1.5]]
[2020.02.28-02.45.56:303][  0]LogConfig: Setting CVar [[s.TimeLimitExceededMinTime:0.005]]
[2020.02.28-02.45.56:303][  0]LogConfig: Setting CVar [[s.UseBackgroundLevelStreaming:1]]
[2020.02.28-02.45.56:303][  0]LogConfig: Setting CVar [[s.PriorityAsyncLoadingExtraTime:15.0]]
[2020.02.28-02.45.56:303][  0]LogConfig: Setting CVar [[s.LevelStreamingActorsUpdateTimeLimit:5.0]]
[2020.02.28-02.45.56:303][  0]LogConfig: Setting CVar [[s.PriorityLevelStreamingActorsUpdateExtraTime:5.0]]
[2020.02.28-02.45.56:303][  0]LogConfig: Setting CVar [[s.LevelStreamingComponentsRegistrationGranularity:10]]
[2020.02.28-02.45.56:303][  0]LogConfig: Setting CVar [[s.UnregisterComponentsTimeLimit:1.0]]
[2020.02.28-02.45.56:303][  0]LogConfig: Setting CVar [[s.LevelStreamingComponentsUnregistrationGranularity:5]]
[2020.02.28-02.45.56:303][  0]LogConfig: Setting CVar [[s.FlushStreamingOnExit:1]]
[2020.02.28-02.45.56:303][  0]LogConfig: Applying CVar settings from Section [/Script/Engine.GarbageCollectionSettings] File [D:/UEtrials/SELF_PROJECTS/DungeonsAndPixelsRepo/DungeonsAndPixels/DungeonsAndPixels/Saved/Config/Windows/Engine.ini]
[2020.02.28-02.45.56:303][  0]LogConfig: Setting CVar [[gc.MaxObjectsNotConsideredByGC:1]]
[2020.02.28-02.45.56:303][  0]LogConfig: Setting CVar [[gc.SizeOfPermanentObjectPool:0]]
[2020.02.28-02.45.56:303][  0]LogConfig: Setting CVar [[gc.FlushStreamingOnGC:0]]
[2020.02.28-02.45.56:303][  0]LogConfig: Setting CVar [[gc.NumRetriesBeforeForcingGC:10]]
[2020.02.28-02.45.56:303][  0]LogConfig: Setting CVar [[gc.AllowParallelGC:1]]
[2020.02.28-02.45.56:303][  0]LogConfig: Setting CVar [[gc.TimeBetweenPurgingPendingKillObjects:61.1]]
[2020.02.28-02.45.56:303][  0]LogConfig: Setting CVar [[gc.MaxObjectsInEditor:25165824]]
[2020.02.28-02.45.56:303][  0]LogConfig: Setting CVar [[gc.IncrementalBeginDestroyEnabled:1]]
[2020.02.28-02.45.56:303][  0]LogConfig: Setting CVar [[gc.CreateGCClusters:1]]
[2020.02.28-02.45.56:304][  0]LogConfig: Setting CVar [[gc.MinGCClusterSize:5]]
[2020.02.28-02.45.56:304][  0]LogConfig: Setting CVar [[gc.ActorClusteringEnabled:0]]
[2020.02.28-02.45.56:304][  0]LogConfig: Setting CVar [[gc.BlueprintClusteringEnabled:0]]
[2020.02.28-02.45.56:304][  0]LogConfig: Setting CVar [[gc.UseDisregardForGCOnDedicatedServers:0]]
[2020.02.28-02.45.56:304][  0]LogConfig: Applying CVar settings from Section [/Script/Engine.NetworkSettings] File [D:/UEtrials/SELF_PROJECTS/DungeonsAndPixelsRepo/DungeonsAndPixels/DungeonsAndPixels/Saved/Config/Windows/Engine.ini]
[2020.02.28-02.45.56:304][  0]LogConfig: Applying CVar settings from Section [/Script/UnrealEd.CookerSettings] File [D:/UEtrials/SELF_PROJECTS/DungeonsAndPixelsRepo/DungeonsAndPixels/DungeonsAndPixels/Saved/Config/Windows/Engine.ini]
[2020.02.28-02.45.56:313][  0]LogConfig: Applying CVar settings from Section [ViewDistanceQuality@3] File [D:/UEtrials/SELF_PROJECTS/DungeonsAndPixelsRepo/DungeonsAndPixels/DungeonsAndPixels/Saved/Config/Windows/Scalability.ini]
[2020.02.28-02.45.56:313][  0]LogConfig: Setting CVar [[r.SkeletalMeshLODBias:0]]
[2020.02.28-02.45.56:313][  0]LogConfig: Setting CVar [[r.ViewDistanceScale:1.0]]
[2020.02.28-02.45.56:313][  0]LogConfig: Applying CVar settings from Section [AntiAliasingQuality@3] File [D:/UEtrials/SELF_PROJECTS/DungeonsAndPixelsRepo/DungeonsAndPixels/DungeonsAndPixels/Saved/Config/Windows/Scalability.ini]
[2020.02.28-02.45.56:313][  0]LogConfig: Setting CVar [[r.PostProcessAAQuality:4]]
[2020.02.28-02.45.56:313][  0]LogConfig: Applying CVar settings from Section [ShadowQuality@3] File [D:/UEtrials/SELF_PROJECTS/DungeonsAndPixelsRepo/DungeonsAndPixels/DungeonsAndPixels/Saved/Config/Windows/Scalability.ini]
[2020.02.28-02.45.56:313][  0]LogConfig: Setting CVar [[r.LightFunctionQuality:1]]
[2020.02.28-02.45.56:313][  0]LogConfig: Setting CVar [[r.ShadowQuality:5]]
[2020.02.28-02.45.56:313][  0]LogConfig: Setting CVar [[r.Shadow.CSM.MaxCascades:10]]
[2020.02.28-02.45.56:313][  0]LogConfig: Setting CVar [[r.Shadow.MaxResolution:2048]]
[2020.02.28-02.45.56:313][  0]LogConfig: Setting CVar [[r.Shadow.MaxCSMResolution:2048]]
[2020.02.28-02.45.56:313][  0]LogConfig: Setting CVar [[r.Shadow.RadiusThreshold:0.01]]
[2020.02.28-02.45.56:313][  0]LogConfig: Setting CVar [[r.Shadow.DistanceScale:1.0]]
[2020.02.28-02.45.56:313][  0]LogConfig: Setting CVar [[r.Shadow.CSM.TransitionScale:1.0]]
[2020.02.28-02.45.56:313][  0]LogConfig: Setting CVar [[r.Shadow.PreShadowResolutionFactor:1.0]]
[2020.02.28-02.45.56:313][  0]LogConfig: Setting CVar [[r.DistanceFieldShadowing:1]]
[2020.02.28-02.45.56:313][  0]LogConfig: Setting CVar [[r.DistanceFieldAO:1]]
[2020.02.28-02.45.56:313][  0]LogConfig: Setting CVar [[r.AOQuality:2]]
[2020.02.28-02.45.56:313][  0]LogConfig: Setting CVar [[r.VolumetricFog:1]]
[2020.02.28-02.45.56:313][  0]LogConfig: Setting CVar [[r.VolumetricFog.GridPixelSize:8]]
[2020.02.28-02.45.56:313][  0]LogConfig: Setting CVar [[r.VolumetricFog.GridSizeZ:128]]
[2020.02.28-02.45.56:313][  0]LogConfig: Setting CVar [[r.VolumetricFog.HistoryMissSupersampleCount:4]]
[2020.02.28-02.45.56:313][  0]LogConfig: Setting CVar [[r.LightMaxDrawDistanceScale:1]]
[2020.02.28-02.45.56:313][  0]LogConfig: Setting CVar [[r.CapsuleShadows:1]]
[2020.02.28-02.45.56:313][  0]LogConfig: Applying CVar settings from Section [PostProcessQuality@3] File [D:/UEtrials/SELF_PROJECTS/DungeonsAndPixelsRepo/DungeonsAndPixels/DungeonsAndPixels/Saved/Config/Windows/Scalability.ini]
[2020.02.28-02.45.56:313][  0]LogConfig: Setting CVar [[r.MotionBlurQuality:4]]
[2020.02.28-02.45.56:313][  0]LogConfig: Setting CVar [[r.AmbientOcclusionMipLevelFactor:0.4]]
[2020.02.28-02.45.56:313][  0]LogConfig: Setting CVar [[r.AmbientOcclusionMaxQuality:100]]
[2020.02.28-02.45.56:313][  0]LogConfig: Setting CVar [[r.AmbientOcclusionLevels:-1]]
[2020.02.28-02.45.56:313][  0]LogConfig: Setting CVar [[r.AmbientOcclusionRadiusScale:1.0]]
[2020.02.28-02.45.56:313][  0]LogConfig: Setting CVar [[r.DepthOfFieldQuality:2]]
[2020.02.28-02.45.56:313][  0]LogConfig: Setting CVar [[r.RenderTargetPoolMin:400]]
[2020.02.28-02.45.56:313][  0]LogConfig: Setting CVar [[r.LensFlareQuality:2]]
[2020.02.28-02.45.56:313][  0]LogConfig: Setting CVar [[r.SceneColorFringeQuality:1]]
[2020.02.28-02.45.56:313][  0]LogConfig: Setting CVar [[r.EyeAdaptationQuality:2]]
[2020.02.28-02.45.56:313][  0]LogConfig: Setting CVar [[r.BloomQuality:5]]
[2020.02.28-02.45.56:313][  0]LogConfig: Setting CVar [[r.FastBlurThreshold:100]]
[2020.02.28-02.45.56:313][  0]LogConfig: Setting CVar [[r.Upscale.Quality:3]]
[2020.02.28-02.45.56:313][  0]LogConfig: Setting CVar [[r.Tonemapper.GrainQuantization:1]]
[2020.02.28-02.45.56:313][  0]LogConfig: Setting CVar [[r.LightShaftQuality:1]]
[2020.02.28-02.45.56:313][  0]LogConfig: Setting CVar [[r.Filter.SizeScale:1]]
[2020.02.28-02.45.56:313][  0]LogConfig: Setting CVar [[r.Tonemapper.Quality:5]]
[2020.02.28-02.45.56:313][  0]LogConfig: Setting CVar [[r.DOF.Gather.AccumulatorQuality:1        ; higher gathering accumulator quality]]
[2020.02.28-02.45.56:313][  0]LogConfig: Setting CVar [[r.DOF.Gather.PostfilterMethod:1          ; Median3x3 postfilering method]]
[2020.02.28-02.45.56:313][  0]LogConfig: Setting CVar [[r.DOF.Gather.EnableBokehSettings:0       ; no bokeh simulation when gathering]]
[2020.02.28-02.45.56:313][  0]LogConfig: Setting CVar [[r.DOF.Gather.RingCount:4                 ; medium number of samples when gathering]]
[2020.02.28-02.45.56:313][  0]LogConfig: Setting CVar [[r.DOF.Scatter.ForegroundCompositing:1    ; additive foreground scattering]]
[2020.02.28-02.45.56:313][  0]LogConfig: Setting CVar [[r.DOF.Scatter.BackgroundCompositing:2    ; additive background scattering]]
[2020.02.28-02.45.56:313][  0]LogConfig: Setting CVar [[r.DOF.Scatter.EnableBokehSettings:1      ; bokeh simulation when scattering]]
[2020.02.28-02.45.56:313][  0]LogConfig: Setting CVar [[r.DOF.Scatter.MaxSpriteRatio:0.1         ; only a maximum of 10% of scattered bokeh]]
[2020.02.28-02.45.56:313][  0]LogConfig: Setting CVar [[r.DOF.Recombine.Quality:1                ; cheap slight out of focus]]
[2020.02.28-02.45.56:313][  0]LogConfig: Setting CVar [[r.DOF.Recombine.EnableBokehSettings:0    ; no bokeh simulation on slight out of focus]]
[2020.02.28-02.45.56:313][  0]LogConfig: Setting CVar [[r.DOF.TemporalAAQuality:1                ; more stable temporal accumulation]]
[2020.02.28-02.45.56:313][  0]LogConfig: Setting CVar [[r.DOF.Kernel.MaxForegroundRadius:0.025]]
[2020.02.28-02.45.56:313][  0]LogConfig: Setting CVar [[r.DOF.Kernel.MaxBackgroundRadius:0.025]]
[2020.02.28-02.45.56:313][  0]LogConfig: Applying CVar settings from Section [TextureQuality@3] File [D:/UEtrials/SELF_PROJECTS/DungeonsAndPixelsRepo/DungeonsAndPixels/DungeonsAndPixels/Saved/Config/Windows/Scalability.ini]
[2020.02.28-02.45.56:313][  0]LogConfig: Setting CVar [[r.Streaming.MipBias:0]]
[2020.02.28-02.45.56:313][  0]LogConfig: Setting CVar [[r.Streaming.AmortizeCPUToGPUCopy:0]]
[2020.02.28-02.45.56:313][  0]LogConfig: Setting CVar [[r.Streaming.MaxNumTexturesToStreamPerFrame:0]]
[2020.02.28-02.45.56:313][  0]LogConfig: Setting CVar [[r.Streaming.Boost:1]]
[2020.02.28-02.45.56:313][  0]LogConfig: Setting CVar [[r.MaxAnisotropy:8]]
[2020.02.28-02.45.56:313][  0]LogConfig: Setting CVar [[r.VT.MaxAnisotropy:8]]
[2020.02.28-02.45.56:313][  0]LogConfig: Setting CVar [[r.Streaming.LimitPoolSizeToVRAM:0]]
[2020.02.28-02.45.56:313][  0]LogConfig: Setting CVar [[r.Streaming.PoolSize:1000]]
[2020.02.28-02.45.56:313][  0]LogConfig: Setting CVar [[r.Streaming.MaxEffectiveScreenSize:0]]
[2020.02.28-02.45.56:313][  0]LogConfig: Applying CVar settings from Section [EffectsQuality@3] File [D:/UEtrials/SELF_PROJECTS/DungeonsAndPixelsRepo/DungeonsAndPixels/DungeonsAndPixels/Saved/Config/Windows/Scalability.ini]
[2020.02.28-02.45.56:313][  0]LogConfig: Setting CVar [[r.TranslucencyLightingVolumeDim:64]]
[2020.02.28-02.45.56:313][  0]LogConfig: Setting CVar [[r.RefractionQuality:2]]
[2020.02.28-02.45.56:313][  0]LogConfig: Setting CVar [[r.SSR.Quality:3]]
[2020.02.28-02.45.56:313][  0]LogConfig: Setting CVar [[r.SSR.HalfResSceneColor:0]]
[2020.02.28-02.45.56:313][  0]LogConfig: Setting CVar [[r.SceneColorFormat:4]]
[2020.02.28-02.45.56:313][  0]LogConfig: Setting CVar [[r.DetailMode:2]]
[2020.02.28-02.45.56:313][  0]LogConfig: Setting CVar [[r.TranslucencyVolumeBlur:1]]
[2020.02.28-02.45.56:313][  0]LogConfig: Setting CVar [[r.MaterialQualityLevel:1 ; High quality]]
[2020.02.28-02.45.56:313][  0]LogConfig: Setting CVar [[r.SSS.Scale:1]]
[2020.02.28-02.45.56:313][  0]LogConfig: Setting CVar [[r.SSS.SampleSet:2]]
[2020.02.28-02.45.56:313][  0]LogConfig: Setting CVar [[r.SSS.Quality:1]]
[2020.02.28-02.45.56:313][  0]LogConfig: Setting CVar [[r.SSS.HalfRes:1]]
[2020.02.28-02.45.56:313][  0]LogConfig: Setting CVar [[r.SSGI.Quality:3]]
[2020.02.28-02.45.56:313][  0]LogConfig: Setting CVar [[r.EmitterSpawnRateScale:1.0]]
[2020.02.28-02.45.56:313][  0]LogConfig: Setting CVar [[r.ParticleLightQuality:2]]
[2020.02.28-02.45.56:313][  0]LogConfig: Setting CVar [[r.SkyAtmosphere.AerialPerspectiveLUT.FastApplyOnOpaque:1 ; Always have FastSkyLUT 1 in this case to avoid wrong sky]]
[2020.02.28-02.45.56:314][  0]LogConfig: Setting CVar [[r.SkyAtmosphere.AerialPerspectiveLUT.SampleCountPerSlice:1]]
[2020.02.28-02.45.56:314][  0]LogConfig: Setting CVar [[r.SkyAtmosphere.AerialPerspectiveLUT.DepthResolution:16.0]]
[2020.02.28-02.45.56:314][  0]LogConfig: Setting CVar [[r.SkyAtmosphere.FastSkyLUT:1]]
[2020.02.28-02.45.56:314][  0]LogConfig: Setting CVar [[r.SkyAtmosphere.FastSkyLUT.SampleCountMin:4.0]]
[2020.02.28-02.45.56:314][  0]LogConfig: Setting CVar [[r.SkyAtmosphere.FastSkyLUT.SampleCountMax:32.0]]
[2020.02.28-02.45.56:314][  0]LogConfig: Setting CVar [[r.SkyAtmosphere.SampleCountMin:4.0]]
[2020.02.28-02.45.56:314][  0]LogConfig: Setting CVar [[r.SkyAtmosphere.SampleCountMax:32.0]]
[2020.02.28-02.45.56:314][  0]LogConfig: Setting CVar [[r.SkyAtmosphere.TransmittanceLUT.UseSmallFormat:0]]
[2020.02.28-02.45.56:314][  0]LogConfig: Setting CVar [[r.SkyAtmosphere.TransmittanceLUT.SampleCount:10.0]]
[2020.02.28-02.45.56:314][  0]LogConfig: Setting CVar [[r.SkyAtmosphere.MultiScatteringLUT.SampleCount:15.0]]
[2020.02.28-02.45.56:314][  0]LogConfig: Applying CVar settings from Section [FoliageQuality@3] File [D:/UEtrials/SELF_PROJECTS/DungeonsAndPixelsRepo/DungeonsAndPixels/DungeonsAndPixels/Saved/Config/Windows/Scalability.ini]
[2020.02.28-02.45.56:314][  0]LogConfig: Setting CVar [[foliage.DensityScale:1.0]]
[2020.02.28-02.45.56:314][  0]LogConfig: Setting CVar [[grass.DensityScale:1.0]]
[2020.02.28-02.45.56:314][  0]LogConfig: Applying CVar settings from Section [ShadingQuality@3] File [D:/UEtrials/SELF_PROJECTS/DungeonsAndPixelsRepo/DungeonsAndPixels/DungeonsAndPixels/Saved/Config/Windows/Scalability.ini]
[2020.02.28-02.45.56:314][  0]LogConfig: Setting CVar [[r.HairStrands.SkyLighting.SampleCount:16]]
[2020.02.28-02.45.56:314][  0]LogConfig: Setting CVar [[r.HairStrands.SkyLighting.JitterIntegration:0]]
[2020.02.28-02.45.56:314][  0]LogConfig: Setting CVar [[r.HairStrands.SkyAO.SampleCount:16]]
[2020.02.28-02.45.56:314][  0]LogInit: Selected Device Profile: [Windows]
[2020.02.28-02.45.56:314][  0]LogInit: Applying CVar settings loaded from the selected device profile: [Windows]
[2020.02.28-02.45.56:316][  0]LogHAL: Display: Platform has ~ 32 GB [34312470528 / 34359738368 / 32], which maps to Largest [LargestMinGB=32, LargerMinGB=12, DefaultMinGB=8, SmallerMinGB=6, SmallestMinGB=0)
[2020.02.28-02.45.56:316][  0]LogInit: Going up to parent DeviceProfile []
[2020.02.28-02.45.56:316][  0]LogConfig: Applying CVar settings from Section [ViewDistanceQuality@3] File [D:/UEtrials/SELF_PROJECTS/DungeonsAndPixelsRepo/DungeonsAndPixels/DungeonsAndPixels/Saved/Config/Windows/Scalability.ini]
[2020.02.28-02.45.56:316][  0]LogConfig: Setting CVar [[r.SkeletalMeshLODBias:0]]
[2020.02.28-02.45.56:316][  0]LogConfig: Setting CVar [[r.ViewDistanceScale:1.0]]
[2020.02.28-02.45.56:316][  0]LogConfig: Applying CVar settings from Section [AntiAliasingQuality@3] File [D:/UEtrials/SELF_PROJECTS/DungeonsAndPixelsRepo/DungeonsAndPixels/DungeonsAndPixels/Saved/Config/Windows/Scalability.ini]
[2020.02.28-02.45.56:316][  0]LogConfig: Setting CVar [[r.PostProcessAAQuality:4]]
[2020.02.28-02.45.56:316][  0]LogConfig: Applying CVar settings from Section [ShadowQuality@3] File [D:/UEtrials/SELF_PROJECTS/DungeonsAndPixelsRepo/DungeonsAndPixels/DungeonsAndPixels/Saved/Config/Windows/Scalability.ini]
[2020.02.28-02.45.56:316][  0]LogConfig: Setting CVar [[r.LightFunctionQuality:1]]
[2020.02.28-02.45.56:316][  0]LogConfig: Setting CVar [[r.ShadowQuality:5]]
[2020.02.28-02.45.56:316][  0]LogConfig: Setting CVar [[r.Shadow.CSM.MaxCascades:10]]
[2020.02.28-02.45.56:316][  0]LogConfig: Setting CVar [[r.Shadow.MaxResolution:2048]]
[2020.02.28-02.45.56:316][  0]LogConfig: Setting CVar [[r.Shadow.MaxCSMResolution:2048]]
[2020.02.28-02.45.56:316][  0]LogConfig: Setting CVar [[r.Shadow.RadiusThreshold:0.01]]
[2020.02.28-02.45.56:316][  0]LogConfig: Setting CVar [[r.Shadow.DistanceScale:1.0]]
[2020.02.28-02.45.56:316][  0]LogConfig: Setting CVar [[r.Shadow.CSM.TransitionScale:1.0]]
[2020.02.28-02.45.56:316][  0]LogConfig: Setting CVar [[r.Shadow.PreShadowResolutionFactor:1.0]]
[2020.02.28-02.45.56:316][  0]LogConfig: Setting CVar [[r.DistanceFieldShadowing:1]]
[2020.02.28-02.45.56:316][  0]LogConfig: Setting CVar [[r.DistanceFieldAO:1]]
[2020.02.28-02.45.56:316][  0]LogConfig: Setting CVar [[r.AOQuality:2]]
[2020.02.28-02.45.56:316][  0]LogConfig: Setting CVar [[r.VolumetricFog:1]]
[2020.02.28-02.45.56:316][  0]LogConfig: Setting CVar [[r.VolumetricFog.GridPixelSize:8]]
[2020.02.28-02.45.56:316][  0]LogConfig: Setting CVar [[r.VolumetricFog.GridSizeZ:128]]
[2020.02.28-02.45.56:316][  0]LogConfig: Setting CVar [[r.VolumetricFog.HistoryMissSupersampleCount:4]]
[2020.02.28-02.45.56:316][  0]LogConfig: Setting CVar [[r.LightMaxDrawDistanceScale:1]]
[2020.02.28-02.45.56:316][  0]LogConfig: Setting CVar [[r.CapsuleShadows:1]]
[2020.02.28-02.45.56:316][  0]LogConfig: Applying CVar settings from Section [PostProcessQuality@3] File [D:/UEtrials/SELF_PROJECTS/DungeonsAndPixelsRepo/DungeonsAndPixels/DungeonsAndPixels/Saved/Config/Windows/Scalability.ini]
[2020.02.28-02.45.56:316][  0]LogConfig: Setting CVar [[r.MotionBlurQuality:4]]
[2020.02.28-02.45.56:316][  0]LogConfig: Setting CVar [[r.AmbientOcclusionMipLevelFactor:0.4]]
[2020.02.28-02.45.56:316][  0]LogConfig: Setting CVar [[r.AmbientOcclusionMaxQuality:100]]
[2020.02.28-02.45.56:316][  0]LogConfig: Setting CVar [[r.AmbientOcclusionLevels:-1]]
[2020.02.28-02.45.56:316][  0]LogConfig: Setting CVar [[r.AmbientOcclusionRadiusScale:1.0]]
[2020.02.28-02.45.56:316][  0]LogConfig: Setting CVar [[r.DepthOfFieldQuality:2]]
[2020.02.28-02.45.56:316][  0]LogConfig: Setting CVar [[r.RenderTargetPoolMin:400]]
[2020.02.28-02.45.56:316][  0]LogConfig: Setting CVar [[r.LensFlareQuality:2]]
[2020.02.28-02.45.56:316][  0]LogConfig: Setting CVar [[r.SceneColorFringeQuality:1]]
[2020.02.28-02.45.56:316][  0]LogConfig: Setting CVar [[r.EyeAdaptationQuality:2]]
[2020.02.28-02.45.56:316][  0]LogConfig: Setting CVar [[r.BloomQuality:5]]
[2020.02.28-02.45.56:316][  0]LogConfig: Setting CVar [[r.FastBlurThreshold:100]]
[2020.02.28-02.45.56:316][  0]LogConfig: Setting CVar [[r.Upscale.Quality:3]]
[2020.02.28-02.45.56:316][  0]LogConfig: Setting CVar [[r.Tonemapper.GrainQuantization:1]]
[2020.02.28-02.45.56:316][  0]LogConfig: Setting CVar [[r.LightShaftQuality:1]]
[2020.02.28-02.45.56:316][  0]LogConfig: Setting CVar [[r.Filter.SizeScale:1]]
[2020.02.28-02.45.56:316][  0]LogConfig: Setting CVar [[r.Tonemapper.Quality:5]]
[2020.02.28-02.45.56:316][  0]LogConfig: Setting CVar [[r.DOF.Gather.AccumulatorQuality:1        ; higher gathering accumulator quality]]
[2020.02.28-02.45.56:316][  0]LogConfig: Setting CVar [[r.DOF.Gather.PostfilterMethod:1          ; Median3x3 postfilering method]]
[2020.02.28-02.45.56:316][  0]LogConfig: Setting CVar [[r.DOF.Gather.EnableBokehSettings:0       ; no bokeh simulation when gathering]]
[2020.02.28-02.45.56:316][  0]LogConfig: Setting CVar [[r.DOF.Gather.RingCount:4                 ; medium number of samples when gathering]]
[2020.02.28-02.45.56:316][  0]LogConfig: Setting CVar [[r.DOF.Scatter.ForegroundCompositing:1    ; additive foreground scattering]]
[2020.02.28-02.45.56:316][  0]LogConfig: Setting CVar [[r.DOF.Scatter.BackgroundCompositing:2    ; additive background scattering]]
[2020.02.28-02.45.56:316][  0]LogConfig: Setting CVar [[r.DOF.Scatter.EnableBokehSettings:1      ; bokeh simulation when scattering]]
[2020.02.28-02.45.56:316][  0]LogConfig: Setting CVar [[r.DOF.Scatter.MaxSpriteRatio:0.1         ; only a maximum of 10% of scattered bokeh]]
[2020.02.28-02.45.56:316][  0]LogConfig: Setting CVar [[r.DOF.Recombine.Quality:1                ; cheap slight out of focus]]
[2020.02.28-02.45.56:316][  0]LogConfig: Setting CVar [[r.DOF.Recombine.EnableBokehSettings:0    ; no bokeh simulation on slight out of focus]]
[2020.02.28-02.45.56:316][  0]LogConfig: Setting CVar [[r.DOF.TemporalAAQuality:1                ; more stable temporal accumulation]]
[2020.02.28-02.45.56:316][  0]LogConfig: Setting CVar [[r.DOF.Kernel.MaxForegroundRadius:0.025]]
[2020.02.28-02.45.56:316][  0]LogConfig: Setting CVar [[r.DOF.Kernel.MaxBackgroundRadius:0.025]]
[2020.02.28-02.45.56:316][  0]LogConfig: Applying CVar settings from Section [TextureQuality@3] File [D:/UEtrials/SELF_PROJECTS/DungeonsAndPixelsRepo/DungeonsAndPixels/DungeonsAndPixels/Saved/Config/Windows/Scalability.ini]
[2020.02.28-02.45.56:316][  0]LogConfig: Setting CVar [[r.Streaming.MipBias:0]]
[2020.02.28-02.45.56:316][  0]LogConfig: Setting CVar [[r.Streaming.AmortizeCPUToGPUCopy:0]]
[2020.02.28-02.45.56:316][  0]LogConfig: Setting CVar [[r.Streaming.MaxNumTexturesToStreamPerFrame:0]]
[2020.02.28-02.45.56:316][  0]LogConfig: Setting CVar [[r.Streaming.Boost:1]]
[2020.02.28-02.45.56:316][  0]LogConfig: Setting CVar [[r.MaxAnisotropy:8]]
[2020.02.28-02.45.56:316][  0]LogConfig: Setting CVar [[r.VT.MaxAnisotropy:8]]
[2020.02.28-02.45.56:316][  0]LogConfig: Setting CVar [[r.Streaming.LimitPoolSizeToVRAM:0]]
[2020.02.28-02.45.56:316][  0]LogConfig: Setting CVar [[r.Streaming.PoolSize:1000]]
[2020.02.28-02.45.56:316][  0]LogConfig: Setting CVar [[r.Streaming.MaxEffectiveScreenSize:0]]
[2020.02.28-02.45.56:316][  0]LogConfig: Applying CVar settings from Section [EffectsQuality@3] File [D:/UEtrials/SELF_PROJECTS/DungeonsAndPixelsRepo/DungeonsAndPixels/DungeonsAndPixels/Saved/Config/Windows/Scalability.ini]
[2020.02.28-02.45.56:316][  0]LogConfig: Setting CVar [[r.TranslucencyLightingVolumeDim:64]]
[2020.02.28-02.45.56:316][  0]LogConfig: Setting CVar [[r.RefractionQuality:2]]
[2020.02.28-02.45.56:316][  0]LogConfig: Setting CVar [[r.SSR.Quality:3]]
[2020.02.28-02.45.56:316][  0]LogConfig: Setting CVar [[r.SSR.HalfResSceneColor:0]]
[2020.02.28-02.45.56:316][  0]LogConfig: Setting CVar [[r.SceneColorFormat:4]]
[2020.02.28-02.45.56:316][  0]LogConfig: Setting CVar [[r.DetailMode:2]]
[2020.02.28-02.45.56:316][  0]LogConfig: Setting CVar [[r.TranslucencyVolumeBlur:1]]
[2020.02.28-02.45.56:316][  0]LogConfig: Setting CVar [[r.MaterialQualityLevel:1 ; High quality]]
[2020.02.28-02.45.56:316][  0]LogConfig: Setting CVar [[r.SSS.Scale:1]]
[2020.02.28-02.45.56:316][  0]LogConfig: Setting CVar [[r.SSS.SampleSet:2]]
[2020.02.28-02.45.56:316][  0]LogConfig: Setting CVar [[r.SSS.Quality:1]]
[2020.02.28-02.45.56:316][  0]LogConfig: Setting CVar [[r.SSS.HalfRes:1]]
[2020.02.28-02.45.56:316][  0]LogConfig: Setting CVar [[r.SSGI.Quality:3]]
[2020.02.28-02.45.56:316][  0]LogConfig: Setting CVar [[r.EmitterSpawnRateScale:1.0]]
[2020.02.28-02.45.56:316][  0]LogConfig: Setting CVar [[r.ParticleLightQuality:2]]
[2020.02.28-02.45.56:316][  0]LogConfig: Setting CVar [[r.SkyAtmosphere.AerialPerspectiveLUT.FastApplyOnOpaque:1 ; Always have FastSkyLUT 1 in this case to avoid wrong sky]]
[2020.02.28-02.45.56:316][  0]LogConfig: Setting CVar [[r.SkyAtmosphere.AerialPerspectiveLUT.SampleCountPerSlice:1]]
[2020.02.28-02.45.56:316][  0]LogConfig: Setting CVar [[r.SkyAtmosphere.AerialPerspectiveLUT.DepthResolution:16.0]]
[2020.02.28-02.45.56:316][  0]LogConfig: Setting CVar [[r.SkyAtmosphere.FastSkyLUT:1]]
[2020.02.28-02.45.56:317][  0]LogConfig: Setting CVar [[r.SkyAtmosphere.FastSkyLUT.SampleCountMin:4.0]]
[2020.02.28-02.45.56:317][  0]LogConfig: Setting CVar [[r.SkyAtmosphere.FastSkyLUT.SampleCountMax:32.0]]
[2020.02.28-02.45.56:317][  0]LogConfig: Setting CVar [[r.SkyAtmosphere.SampleCountMin:4.0]]
[2020.02.28-02.45.56:317][  0]LogConfig: Setting CVar [[r.SkyAtmosphere.SampleCountMax:32.0]]
[2020.02.28-02.45.56:317][  0]LogConfig: Setting CVar [[r.SkyAtmosphere.TransmittanceLUT.UseSmallFormat:0]]
[2020.02.28-02.45.56:317][  0]LogConfig: Setting CVar [[r.SkyAtmosphere.TransmittanceLUT.SampleCount:10.0]]
[2020.02.28-02.45.56:317][  0]LogConfig: Setting CVar [[r.SkyAtmosphere.MultiScatteringLUT.SampleCount:15.0]]
[2020.02.28-02.45.56:317][  0]LogConfig: Applying CVar settings from Section [FoliageQuality@3] File [D:/UEtrials/SELF_PROJECTS/DungeonsAndPixelsRepo/DungeonsAndPixels/DungeonsAndPixels/Saved/Config/Windows/Scalability.ini]
[2020.02.28-02.45.56:317][  0]LogConfig: Setting CVar [[foliage.DensityScale:1.0]]
[2020.02.28-02.45.56:317][  0]LogConfig: Setting CVar [[grass.DensityScale:1.0]]
[2020.02.28-02.45.56:317][  0]LogConfig: Applying CVar settings from Section [ShadingQuality@3] File [D:/UEtrials/SELF_PROJECTS/DungeonsAndPixelsRepo/DungeonsAndPixels/DungeonsAndPixels/Saved/Config/Windows/Scalability.ini]
[2020.02.28-02.45.56:317][  0]LogConfig: Setting CVar [[r.HairStrands.SkyLighting.SampleCount:16]]
[2020.02.28-02.45.56:317][  0]LogConfig: Setting CVar [[r.HairStrands.SkyLighting.JitterIntegration:0]]
[2020.02.28-02.45.56:317][  0]LogConfig: Setting CVar [[r.HairStrands.SkyAO.SampleCount:16]]
[2020.02.28-02.45.56:317][  0]LogConfig: Applying CVar settings from Section [Startup] File [../../../Engine/Config/ConsoleVariables.ini]
[2020.02.28-02.45.56:317][  0]LogConfig: Setting CVar [[net.UseAdaptiveNetUpdateFrequency:0]]
[2020.02.28-02.45.56:317][  0]LogConfig: Setting CVar [[p.chaos.AllowCreatePhysxBodies:1]]
[2020.02.28-02.45.56:317][  0]LogConfig: Applying CVar settings from Section [ConsoleVariables] File [D:/UEtrials/SELF_PROJECTS/DungeonsAndPixelsRepo/DungeonsAndPixels/DungeonsAndPixels/Saved/Config/Windows/Engine.ini]
[2020.02.28-02.45.56:317][  0]LogInit: Computer: DESKTOP-H5JS6CP
[2020.02.28-02.45.56:317][  0]LogInit: User: IanMichaelJesu
[2020.02.28-02.45.56:317][  0]LogInit: CPU Page size=4096, Cores=6
[2020.02.28-02.45.56:317][  0]LogInit: High frequency timer resolution =10.000000 MHz
[2020.02.28-02.45.56:317][  0]LogMemory: Memory total: Physical=32.0GB (32GB approx)
[2020.02.28-02.45.56:317][  0]LogMemory: Platform Memory Stats for Windows
[2020.02.28-02.45.56:317][  0]LogMemory: Process Physical Memory: 116.85 MB used, 116.86 MB peak
[2020.02.28-02.45.56:317][  0]LogMemory: Process Virtual Memory: 106.94 MB used, 106.94 MB peak
[2020.02.28-02.45.56:317][  0]LogMemory: Physical Memory: 9943.82 MB used,  22779.11 MB free, 32722.92 MB total
[2020.02.28-02.45.56:317][  0]LogMemory: Virtual Memory: 5205.91 MB used,  134212520.00 MB free, 134217728.00 MB total
[2020.02.28-02.45.56:624][  0]LogWindows: WindowsPlatformFeatures enabled
[2020.02.28-02.45.56:639][  0]LogInit: Using OS detected language (en-US).
[2020.02.28-02.45.56:639][  0]LogInit: Using OS detected locale (en-US).
[2020.02.28-02.45.56:640][  0]LogTextLocalizationManager: No specific localization for 'en-US' exists, so the 'en' localization will be used.
[2020.02.28-02.45.56:761][  0]LogInit: Setting process to per monitor DPI aware
[2020.02.28-02.45.56:801][  0]LogSlate: New Slate User Created.  User Index 0, Is Virtual User: 0
[2020.02.28-02.45.56:801][  0]LogSlate: Slate User Registered.  User Index 0, Is Virtual User: 0
[2020.02.28-02.45.56:974][  0]LogD3D11RHI: D3D11 min allowed feature level: 11_0
[2020.02.28-02.45.56:974][  0]LogD3D11RHI: D3D11 max allowed feature level: 11_0
[2020.02.28-02.45.56:974][  0]LogD3D11RHI: D3D11 adapters:
[2020.02.28-02.45.57:028][  0]LogD3D11RHI:    0. 'NVIDIA GeForce GTX 1080 Ti' (Feature Level 11_0)
[2020.02.28-02.45.57:028][  0]LogD3D11RHI:       11127/0/16361 MB DedicatedVideo/DedicatedSystem/SharedSystem, Outputs:3, VendorId:0x10de
[2020.02.28-02.45.57:030][  0]LogD3D11RHI:    1. 'Microsoft Basic Render Driver' (Feature Level 11_0)
[2020.02.28-02.45.57:030][  0]LogD3D11RHI:       0/0/16361 MB DedicatedVideo/DedicatedSystem/SharedSystem, Outputs:0, VendorId:0x1414
[2020.02.28-02.45.57:030][  0]LogD3D11RHI: Chosen D3D11 Adapter: 0
[2020.02.28-02.45.57:038][  0]LogD3D11RHI: Creating new Direct3DDevice
[2020.02.28-02.45.57:038][  0]LogD3D11RHI:     GPU DeviceId: 0x1b06 (for the marketing name, search the web for "GPU Device Id")
[2020.02.28-02.45.57:038][  0]LogWindows: EnumDisplayDevices:
[2020.02.28-02.45.57:038][  0]LogWindows:    0. 'NVIDIA GeForce GTX 1080 Ti' (P:0 D:1)
[2020.02.28-02.45.57:038][  0]LogWindows:    1. 'NVIDIA GeForce GTX 1080 Ti' (P:1 D:1)
[2020.02.28-02.45.57:039][  0]LogWindows:    2. 'NVIDIA GeForce GTX 1080 Ti' (P:0 D:1)
[2020.02.28-02.45.57:039][  0]LogWindows:    3. 'NVIDIA GeForce GTX 1080 Ti' (P:0 D:0)
[2020.02.28-02.45.57:039][  0]LogWindows: DebugString: FoundDriverCount:4 
[2020.02.28-02.45.57:039][  0]LogD3D11RHI:     Adapter Name: NVIDIA GeForce GTX 1080 Ti
[2020.02.28-02.45.57:039][  0]LogD3D11RHI:   Driver Version: 432.00 (internal:26.21.14.3200, unified:432.00)
[2020.02.28-02.45.57:039][  0]LogD3D11RHI:      Driver Date: 7-24-2019
[2020.02.28-02.45.57:039][  0]LogRHI: Texture pool is 7788 MB (70% of 11127 MB)
[2020.02.28-02.45.57:070][  0]LogD3D11RHI: RHI has support for 64 bit atomics
[2020.02.28-02.45.57:070][  0]LogD3D11RHI: Async texture creation enabled
[2020.02.28-02.45.57:215][  0]LogD3D11RHI: GPU Timing Frequency: 1000.000000 (Debug: 2 1)
[2020.02.28-02.45.57:452][  0]LogTargetPlatformManager: Display: Loaded TargetPlatform 'AllDesktop'
[2020.02.28-02.45.57:476][  0]LogTargetPlatformManager: Display: Loaded TargetPlatform 'Android'
[2020.02.28-02.45.57:476][  0]LogTargetPlatformManager: Display: Loaded TargetPlatform 'Android_ASTC'
[2020.02.28-02.45.57:476][  0]LogTargetPlatformManager: Display: Loaded TargetPlatform 'Android_ATC'
[2020.02.28-02.45.57:476][  0]LogTargetPlatformManager: Display: Loaded TargetPlatform 'Android_DXT'
[2020.02.28-02.45.57:476][  0]LogTargetPlatformManager: Display: Loaded TargetPlatform 'Android_ETC1'
[2020.02.28-02.45.57:476][  0]LogTargetPlatformManager: Display: Loaded TargetPlatform 'Android_ETC1a'
[2020.02.28-02.45.57:476][  0]LogTargetPlatformManager: Display: Loaded TargetPlatform 'Android_ETC2'
[2020.02.28-02.45.57:476][  0]LogTargetPlatformManager: Display: Loaded TargetPlatform 'Android_PVRTC'
[2020.02.28-02.45.57:476][  0]LogTargetPlatformManager: Display: Loaded TargetPlatform 'AndroidClient'
[2020.02.28-02.45.57:476][  0]LogTargetPlatformManager: Display: Loaded TargetPlatform 'Android_ASTCClient'
[2020.02.28-02.45.57:476][  0]LogTargetPlatformManager: Display: Loaded TargetPlatform 'Android_ATCClient'
[2020.02.28-02.45.57:476][  0]LogTargetPlatformManager: Display: Loaded TargetPlatform 'Android_DXTClient'
[2020.02.28-02.45.57:476][  0]LogTargetPlatformManager: Display: Loaded TargetPlatform 'Android_ETC1Client'
[2020.02.28-02.45.57:476][  0]LogTargetPlatformManager: Display: Loaded TargetPlatform 'Android_ETC1aClient'
[2020.02.28-02.45.57:476][  0]LogTargetPlatformManager: Display: Loaded TargetPlatform 'Android_ETC2Client'
[2020.02.28-02.45.57:476][  0]LogTargetPlatformManager: Display: Loaded TargetPlatform 'Android_PVRTCClient'
[2020.02.28-02.45.57:476][  0]LogTargetPlatformManager: Display: Loaded TargetPlatform 'Android_Multi'
[2020.02.28-02.45.57:476][  0]LogTargetPlatformManager: Display: Loaded TargetPlatform 'Android_MultiClient'
[2020.02.28-02.45.57:491][  0]LogTargetPlatformManager: Display: Loaded TargetPlatform 'IOSClient'
[2020.02.28-02.45.57:491][  0]LogTargetPlatformManager: Display: Loaded TargetPlatform 'IOS'
[2020.02.28-02.45.57:496][  0]LogTargetPlatformManager: Display: Loaded TargetPlatform 'LinuxNoEditor'
[2020.02.28-02.45.57:502][  0]LogTargetPlatformManager: Display: Loaded TargetPlatform 'LinuxClient'
[2020.02.28-02.45.57:507][  0]LogTargetPlatformManager: Display: Loaded TargetPlatform 'LinuxServer'
[2020.02.28-02.45.57:512][  0]LogTargetPlatformManager: Display: Loaded TargetPlatform 'LinuxAArch64NoEditor'
[2020.02.28-02.45.57:518][  0]LogTargetPlatformManager: Display: Loaded TargetPlatform 'LinuxAArch64Client'
[2020.02.28-02.45.57:523][  0]LogTargetPlatformManager: Display: Loaded TargetPlatform 'LinuxAArch64Server'
[2020.02.28-02.45.57:541][  0]LogTargetPlatformManager: Display: Loaded TargetPlatform 'Lumin'
[2020.02.28-02.45.57:541][  0]LogTargetPlatformManager: Display: Loaded TargetPlatform 'LuminClient'
[2020.02.28-02.45.57:551][  0]LogTargetPlatformManager: Display: Loaded TargetPlatform 'TVOSClient'
[2020.02.28-02.45.57:551][  0]LogTargetPlatformManager: Display: Loaded TargetPlatform 'TVOS'
[2020.02.28-02.45.57:556][  0]LogTargetPlatformManager: Display: Loaded TargetPlatform 'WindowsNoEditor'
[2020.02.28-02.45.57:562][  0]LogTargetPlatformManager: Display: Loaded TargetPlatform 'Windows'
[2020.02.28-02.45.57:568][  0]LogTargetPlatformManager: Display: Loaded TargetPlatform 'WindowsClient'
[2020.02.28-02.45.57:574][  0]LogTargetPlatformManager: Display: Loaded TargetPlatform 'WindowsServer'
[2020.02.28-02.45.57:574][  0]LogTargetPlatformManager: Display: Building Assets For Windows
[2020.02.28-02.45.57:577][  0]LogAudioDebug: Display: Lib vorbis DLL was dynamically loaded.
[2020.02.28-02.45.57:592][  0]LogShaderCompilers: Guid format shader working directory is -38 characters bigger than the processId version (../../../../../UEtrials/SELF_PROJECTS/DungeonsAndPixelsRepo/DungeonsAndPixels/DungeonsAndPixels/Intermediate/Shaders/WorkingDirectory/8692/).
[2020.02.28-02.45.57:593][  0]LogShaderCompilers: Cleaned the shader compiler working directory 'C:/Users/Ian Michael Jesu/AppData/Local/Temp/UnrealShaderWorkingDir/E995EFF64A9A3DC261177CB61230AA42/'.
[2020.02.28-02.45.57:593][  0]LogXGEController: Cleaning working directory: C:/Users/Ian Michael Jesu/AppData/Local/Temp/UnrealXGEWorkingDir/
[2020.02.28-02.45.57:593][  0]LogXGEController: Cannot use XGE Controller as Incredibuild is not installed on this machine.
[2020.02.28-02.45.57:593][  0]LogShaderCompilers: Cannot use XGE Shader Compiler as Incredibuild is not installed on this machine.
[2020.02.28-02.45.57:593][  0]LogShaderCompilers: Display: Using Local Shader Compiler.
[2020.02.28-02.45.58:166][  0]LogDerivedDataCache: Display: Max Cache Size: 512 MB
[2020.02.28-02.45.58:212][  0]LogDerivedDataCache: Loaded boot cache 0.05s 81MB C:/Users/Ian Michael Jesu/AppData/Local/UnrealEngine/4.24/DerivedDataCache/Boot.ddc.
[2020.02.28-02.45.58:212][  0]LogDerivedDataCache: Display: Loaded Boot cache: C:/Users/Ian Michael Jesu/AppData/Local/UnrealEngine/4.24/DerivedDataCache/Boot.ddc
[2020.02.28-02.45.58:212][  0]LogDerivedDataCache: FDerivedDataBackendGraph:  Pak pak cache file ../../../../../UEtrials/SELF_PROJECTS/DungeonsAndPixelsRepo/DungeonsAndPixels/DungeonsAndPixels/DerivedDataCache/DDC.ddp not found, will not use a pak cache.
[2020.02.28-02.45.58:212][  0]LogDerivedDataCache: Unable to find inner node Pak for hierarchical cache Hierarchy.
[2020.02.28-02.45.58:212][  0]LogDerivedDataCache: FDerivedDataBackendGraph:  CompressedPak pak cache file ../../../../../UEtrials/SELF_PROJECTS/DungeonsAndPixelsRepo/DungeonsAndPixels/DungeonsAndPixels/DerivedDataCache/Compressed.ddp not found, will not use a pak cache.
[2020.02.28-02.45.58:212][  0]LogDerivedDataCache: Unable to find inner node CompressedPak for hierarchical cache Hierarchy.
[2020.02.28-02.45.58:220][  0]LogDerivedDataCache: Display: Pak cache opened for reading ../../../Engine/DerivedDataCache/Compressed.ddp.
[2020.02.28-02.45.58:220][  0]LogDerivedDataCache: FDerivedDataBackendGraph:  EnterprisePak pak cache file ../../../Enterprise/DerivedDataCache/Compressed.ddp not found, will not use a pak cache.
[2020.02.28-02.45.58:220][  0]LogDerivedDataCache: Unable to find inner node EnterprisePak for hierarchical cache Hierarchy.
[2020.02.28-02.45.58:221][  0]LogDerivedDataCache: Using Local data cache path C:/Users/Ian Michael Jesu/AppData/Local/UnrealEngine/Common/DerivedDataCache: Writable
[2020.02.28-02.45.58:221][  0]LogDerivedDataCache: Shared data cache path not found in *engine.ini, will not use an Shared cache.
[2020.02.28-02.45.58:221][  0]LogDerivedDataCache: Unable to find inner node Shared for hierarchical cache Hierarchy.
[2020.02.28-02.45.58:242][  0]LogMaterial: Verifying Global Shaders for PCD3D_SM5
[2020.02.28-02.45.58:244][  0]LogSlate: Using FreeType 2.10.0
[2020.02.28-02.45.58:244][  0]LogSlate: SlateFontServices - WITH_FREETYPE: 1, WITH_HARFBUZZ: 1
[2020.02.28-02.45.58:292][  0]LogAssetRegistry: FAssetRegistry took 0.0022 seconds to start up
[2020.02.28-02.45.58:535][  0]LogInit: Selected Device Profile: [Windows]
[2020.02.28-02.45.58:658][  0]LogMeshReduction: Using QuadricMeshReduction for automatic static mesh reduction
[2020.02.28-02.45.58:658][  0]LogMeshReduction: Using SimplygonMeshReduction for automatic skeletal mesh reduction
[2020.02.28-02.45.58:658][  0]LogMeshReduction: Using ProxyLODMeshReduction for automatic mesh merging
[2020.02.28-02.45.58:658][  0]LogMeshReduction: No distributed automatic mesh merging module available
[2020.02.28-02.45.58:658][  0]LogMeshMerging: No distributed automatic mesh merging module available
[2020.02.28-02.45.58:674][  0]LogNetVersion: DungeonsAndPixels 1.0.0, NetCL: 10570792, EngineNetVer: 13, GameNetVer: 0 (Checksum: 3784364930)
[2020.02.28-02.45.59:548][  0]LogPackageLocalizationCache: Processed 10 localized package path(s) for 1 prioritized culture(s) in 0.032999 seconds
[2020.02.28-02.45.59:554][  0]LogUObjectArray: 46746 objects as part of root set at end of initial load.
[2020.02.28-02.45.59:554][  0]LogUObjectAllocator: 8135816 out of 0 bytes used by permanent object pool.
[2020.02.28-02.45.59:554][  0]LogUObjectArray: CloseDisregardForGC: 0/0 objects in disregard for GC pool
[2020.02.28-02.45.59:859][  0]LogTcpMessaging: Initializing TcpMessaging bridge
[2020.02.28-02.45.59:862][  0]LogUdpMessaging: Initializing bridge on interface 0.0.0.0:0 to multicast group 230.0.0.1:6666.
[2020.02.28-02.45.59:901][  0]SourceControl: Source control is disabled
[2020.02.28-02.45.59:901][  0]SourceControl: Source control is disabled
[2020.02.28-02.45.59:901][  0]SourceControl: Source control is disabled
[2020.02.28-02.45.59:902][  0]SourceControl: Source control is disabled
[2020.02.28-02.45.59:902][  0]SourceControl: Source control is disabled
[2020.02.28-02.45.59:965][  0]LogAndroidPermission: UAndroidPermissionCallbackProxy::GetInstance
[2020.02.28-02.45.59:973][  0]LogAudioCaptureCore: Display: No Audio Capture implementations found. Audio input will be silent.
[2020.02.28-02.45.59:973][  0]LogAudioCaptureCore: Display: No Audio Capture implementations found. Audio input will be silent.
[2020.02.28-02.46.00:040][  0]LogOcInput: OculusInput pre-init called
[2020.02.28-02.46.00:666][  0]LogEngine: Initializing Engine...
[2020.02.28-02.46.00:667][  0]LogHMD: Oculus plugin initialized. Version: 4.24.3-11590370+++UE4+Release-4.24, OVRPlugin: 1.40.0
[2020.02.28-02.46.00:668][  0]LogStats: UGameplayTagsManager::InitializeManager -  0.000 s
[2020.02.28-02.46.00:933][  0]LogInit: Initializing FReadOnlyCVARCache
[2020.02.28-02.46.00:938][  0]LogAIModule: Creating AISystem for world Untitled
[2020.02.28-02.46.00:945][  0]LogAudioMixer: Display: Audio Mixer Platform Settings:
[2020.02.28-02.46.00:945][  0]LogAudioMixer: Display: 	Sample Rate:						  48000
[2020.02.28-02.46.00:945][  0]LogAudioMixer: Display: 	Callback Buffer Frame Size Requested: 1024
[2020.02.28-02.46.00:945][  0]LogAudioMixer: Display: 	Callback Buffer Frame Size To Use:	  1024
[2020.02.28-02.46.00:945][  0]LogAudioMixer: Display: 	Number of buffers to queue:			  2
[2020.02.28-02.46.00:945][  0]LogAudioMixer: Display: 	Max Channels (voices):				  32
[2020.02.28-02.46.00:945][  0]LogAudioMixer: Display: 	Number of Async Source Workers:		  0
[2020.02.28-02.46.00:945][  0]LogAudio: Display: AudioDevice MaxSources: 32
[2020.02.28-02.46.00:945][  0]LogAudio: Display: Using built-in audio occlusion.
[2020.02.28-02.46.00:945][  0]LogAudioMixer: Display: Initializing audio mixer.
[2020.02.28-02.46.01:009][  0]LogAudioMixer: Display: Audio Device Output Speaker Info:
[2020.02.28-02.46.01:009][  0]LogAudioMixer: Display: Name: VG248 (NVIDIA High Definition Audio)
[2020.02.28-02.46.01:009][  0]LogAudioMixer: Display: Is Default: Yes
[2020.02.28-02.46.01:009][  0]LogAudioMixer: Display: Sample Rate: 48000
[2020.02.28-02.46.01:009][  0]LogAudioMixer: Display: Channel Count Used: 2
[2020.02.28-02.46.01:009][  0]LogAudioMixer: Display: Device Channel Count: 2
[2020.02.28-02.46.01:009][  0]LogAudioMixer: Display: Channel Order:
[2020.02.28-02.46.01:009][  0]LogAudioMixer: Display: 0: FrontLeft
[2020.02.28-02.46.01:009][  0]LogAudioMixer: Display: 1: FrontRight
[2020.02.28-02.46.01:078][  0]LogAudioMixer: Display: Using Audio Device VG248 (NVIDIA High Definition Audio)
[2020.02.28-02.46.01:082][  0]LogInit: FAudioDevice initialized.
[2020.02.28-02.46.01:083][  0]LogNetVersion: Set ProjectVersion to 1.0.0.0. Version Checksum will be recalculated on next use.
[2020.02.28-02.46.01:153][  0]LogDerivedDataCache: Saved boot cache 0.07s 81MB C:/Users/Ian Michael Jesu/AppData/Local/UnrealEngine/4.24/DerivedDataCache/Boot.ddc.
[2020.02.28-02.46.01:159][  0]LogInit: Texture streaming: Enabled
[2020.02.28-02.46.01:164][  0]LogEngineSessionManager: EngineSessionManager initialized
[2020.02.28-02.46.01:164][  0]LogEditorSessionSummary: Verbose: Initializing EditorSessionSummaryWriter for editor session tracking
[2020.02.28-02.46.01:167][  0]LogEditorSessionSummary: EditorSessionSummaryWriter initialized
[2020.02.28-02.46.01:213][  0]LogInit: Transaction tracking system initialized
[2020.02.28-02.46.01:221][  0]BlueprintLog: New page: Editor Load
[2020.02.28-02.46.01:242][  0]LocalizationService: Localization service is disabled
[2020.02.28-02.46.01:267][  0]LogLinker: Warning: Failed to load '/Game/ThirdPersonBP/ThirdPersonOverview': Can't find file.
[2020.02.28-02.46.01:267][  0]LogLinker: Warning: Failed to load '/Game/ThirdPersonBP/ThirdPersonOverview': Can't find file.
[2020.02.28-02.46.01:267][  0]LogUObjectGlobals: Warning: Failed to find object 'Class /Game/ThirdPersonBP/ThirdPersonOverview.ThirdPersonOverview_C'
[2020.02.28-02.46.01:460][  0]LogCook: Display: Max memory allowance for cook 16384mb min free memory 0mb
[2020.02.28-02.46.01:460][  0]LogCook: Display: Mobile HDR setting 1
[2020.02.28-02.46.01:527][  0]LogFileCache: Scanning file cache for directory 'D:/UEtrials/SELF_PROJECTS/DungeonsAndPixelsRepo/DungeonsAndPixels/DungeonsAndPixels/Content/' took 0.01s
[2020.02.28-02.46.02:065][  0]SourceControl: Source control is disabled
[2020.02.28-02.46.02:065][  0]Cmd: MAP LOAD FILE="../../../../../UEtrials/SELF_PROJECTS/DungeonsAndPixelsRepo/DungeonsAndPixels/DungeonsAndPixels/Content/Levels/Level1.umap" TEMPLATE=0 SHOWPROGRESS=1 FEATURELEVEL=3
[2020.02.28-02.46.02:065][  0]LightingResults: New page: Lighting Build
[2020.02.28-02.46.02:065][  0]LogWorld: UWorld::CleanupWorld for Untitled, bSessionEnded=true, bCleanupResources=true
[2020.02.28-02.46.02:065][  0]LogSlate: InvalidateAllWidgets triggered.  All widgets were invalidated
[2020.02.28-02.46.02:066][  0]MapCheck: New page: Map Check
[2020.02.28-02.46.02:066][  0]LightingResults: New page: Lighting Build
[2020.02.28-02.46.02:089][  0]LogUObjectHash: Compacting FUObjectHashTables data took   1.44ms
[2020.02.28-02.46.02:749][  0]LogAIModule: Creating AISystem for world Level1
[2020.02.28-02.46.02:763][  0]LogEditorServer: Finished looking for orphan Actors (0.000 secs)
[2020.02.28-02.46.02:794][  0]LogUObjectHash: Compacting FUObjectHashTables data took   2.35ms
[2020.02.28-02.46.02:795][  0]Cmd: MAP CHECKDEP NOCLEARLOG
[2020.02.28-02.46.02:795][  0]MapCheck: Map check complete: 0 Error(s), 0 Warning(s), took 0.069ms to complete.
[2020.02.28-02.46.02:795][  0]LogFileHelpers: Loading map 'Level1' took 0.731
[2020.02.28-02.46.02:914][  0]LogSlate: Updating window title bar state: overlay mode, drag disabled, window buttons hidden, title bar hidden
[2020.02.28-02.46.02:919][  0]LogSlate: Updating window title bar state: overlay mode, drag disabled, window buttons hidden, title bar hidden
[2020.02.28-02.46.02:924][  0]LogSlate: Updating window title bar state: overlay mode, drag disabled, window buttons hidden, title bar hidden
[2020.02.28-02.46.02:930][  0]LogSlate: Updating window title bar state: overlay mode, drag disabled, window buttons hidden, title bar hidden
[2020.02.28-02.46.02:933][  0]LogCollectionManager: Loaded 0 collections in 0.000773 seconds
[2020.02.28-02.46.02:945][  0]LogFileCache: Scanning file cache for directory 'D:/UEtrials/SELF_PROJECTS/DungeonsAndPixelsRepo/DungeonsAndPixels/DungeonsAndPixels/Saved/Collections/' took 0.00s
[2020.02.28-02.46.02:945][  0]LogFileCache: Scanning file cache for directory 'D:/UEtrials/SELF_PROJECTS/DungeonsAndPixelsRepo/DungeonsAndPixels/DungeonsAndPixels/Content/Developers/IanMichaelJesu/Collections/' took 0.00s
[2020.02.28-02.46.02:945][  0]LogFileCache: Scanning file cache for directory 'D:/UEtrials/SELF_PROJECTS/DungeonsAndPixelsRepo/DungeonsAndPixels/DungeonsAndPixels/Content/Collections/' took 0.00s
[2020.02.28-02.46.02:945][  0]LogContentBrowser: Native class hierarchy populated in 0.0077 seconds. Added 3015 classes and 717 folders.
[2020.02.28-02.46.02:949][  0]LogContentBrowser: Native class hierarchy updated for 'WidgetCarousel' in 0.0011 seconds. Added 0 classes and 0 folders.
[2020.02.28-02.46.03:006][  0]LogContentBrowser: Native class hierarchy updated for 'AddContentDialog' in 0.0013 seconds. Added 0 classes and 0 folders.
[2020.02.28-02.46.03:012][  0]LogContentBrowser: Native class hierarchy updated for 'SceneOutliner' in 0.0011 seconds. Added 2 classes and 3 folders.
[2020.02.28-02.46.03:792][  0]LogSlate: Took 0.000213 seconds to synchronously load lazily loaded font '../../../Engine/Content/Slate/Fonts/Roboto-Regular.ttf' (155K)
[2020.02.28-02.46.03:793][  0]LogSlate: Took 0.000162 seconds to synchronously load lazily loaded font '../../../Engine/Content/Slate/Fonts/Roboto-Bold.ttf' (160K)
[2020.02.28-02.46.03:798][  0]LogSlate: Took 0.000207 seconds to synchronously load lazily loaded font '../../../Engine/Content/Editor/Slate/Fonts/FontAwesome.ttf' (139K)
[2020.02.28-02.46.03:868][  0]LogRenderer: Reallocating scene render targets to support 1284x656 Format 10 NumSamples 1 (Frame:1).
[2020.02.28-02.46.03:949][  0]LogContentBrowser: Native class hierarchy updated for 'HierarchicalLODOutliner' in 0.0012 seconds. Added 0 classes and 0 folders.
[2020.02.28-02.46.03:949][  0]LogLoad: (Engine Initialization) Total time: 9.59 seconds
[2020.02.28-02.46.03:949][  0]LogLoad: (Engine Initialization) Total Blueprint compile time: 0.00 seconds
[2020.02.28-02.46.03:960][  0]LogOcInput: OculusInput is initialized
[2020.02.28-02.46.03:978][  0]LogContentStreaming: Texture pool size now 1000 MB
[2020.02.28-02.46.04:023][  0]LogSlate: Took 0.000148 seconds to synchronously load lazily loaded font '../../../Engine/Content/Slate/Fonts/Roboto-Light.ttf' (167K)
[2020.02.28-02.46.15:086][304]LogAssetRegistry: Asset discovery search completed in 16.7955 seconds
[2020.02.28-02.46.15:089][304]LogCollectionManager: Fixed up redirectors for 0 collections in 0.000006 seconds (updated 0 objects)
[2020.02.28-02.46.26:335][784]LogTemp: Repeating last play command: Selected Viewport
[2020.02.28-02.46.26:347][784]LogPlayLevel: PlayLevel: No blueprints needed recompiling
[2020.02.28-02.46.26:347][784]PIE: New page: PIE session: Level1 (Feb 27, 2020, 10:46:26 AM)
[2020.02.28-02.46.26:348][784]LogOnline: OSS: Creating online subsystem instance for: NULL
[2020.02.28-02.46.26:349][784]LogOnline: OSS: TryLoadSubsystemAndSetDefault: Loaded subsystem for module [NULL]
[2020.02.28-02.46.26:349][784]LogPlayLevel: Creating play world package: /Game/Levels/UEDPIE_0_Level1
[2020.02.28-02.46.26:351][784]LogPlayLevel: PIE: StaticDuplicateObject took: (0.002277s)
[2020.02.28-02.46.26:352][784]LogAIModule: Creating AISystem for world Level1
[2020.02.28-02.46.26:352][784]LogPlayLevel: PIE: World Init took: (0.000820s)
[2020.02.28-02.46.26:352][784]LogPlayLevel: PIE: Created PIE world by copying editor world from /Game/Levels/Level1.Level1 to /Game/Levels/UEDPIE_0_Level1.Level1 (0.003241s)
[2020.02.28-02.46.26:377][784]LogUObjectHash: Compacting FUObjectHashTables data took   1.19ms
[2020.02.28-02.46.26:378][784]LogHMD: Initializing OVRPlugin session
[2020.02.28-02.46.26:479][784]LogHMD: Allocating Oculus 2688 x 1600 rendertarget swapchain
[2020.02.28-02.46.26:480][784]LogAudioMixer: Display: Audio Mixer Platform Settings:
[2020.02.28-02.46.26:480][784]LogAudioMixer: Display: 	Sample Rate:						  48000
[2020.02.28-02.46.26:480][784]LogAudioMixer: Display: 	Callback Buffer Frame Size Requested: 1024
[2020.02.28-02.46.26:480][784]LogAudioMixer: Display: 	Callback Buffer Frame Size To Use:	  1024
[2020.02.28-02.46.26:480][784]LogAudioMixer: Display: 	Number of buffers to queue:			  2
[2020.02.28-02.46.26:480][784]LogAudioMixer: Display: 	Max Channels (voices):				  32
[2020.02.28-02.46.26:480][784]LogAudioMixer: Display: 	Number of Async Source Workers:		  0
[2020.02.28-02.46.26:480][784]LogAudio: Display: AudioDevice MaxSources: 32
[2020.02.28-02.46.26:480][784]LogAudio: Display: Using built-in audio occlusion.
[2020.02.28-02.46.26:480][784]LogAudioMixer: Display: Initializing audio mixer.
[2020.02.28-02.46.26:531][784]LogAudioMixer: Display: Audio Device Output Speaker Info:
[2020.02.28-02.46.26:531][784]LogAudioMixer: Display: Name: VG248 (NVIDIA High Definition Audio)
[2020.02.28-02.46.26:531][784]LogAudioMixer: Display: Is Default: Yes
[2020.02.28-02.46.26:531][784]LogAudioMixer: Display: Sample Rate: 48000
[2020.02.28-02.46.26:531][784]LogAudioMixer: Display: Channel Count Used: 2
[2020.02.28-02.46.26:531][784]LogAudioMixer: Display: Device Channel Count: 2
[2020.02.28-02.46.26:531][784]LogAudioMixer: Display: Channel Order:
[2020.02.28-02.46.26:531][784]LogAudioMixer: Display: 0: FrontLeft
[2020.02.28-02.46.26:531][784]LogAudioMixer: Display: 1: FrontRight
[2020.02.28-02.46.26:542][784]LogAudioMixer: Display: Using Audio Device VG248 (NVIDIA High Definition Audio)
[2020.02.28-02.46.26:544][784]LogInit: FAudioDevice initialized.
[2020.02.28-02.46.26:554][784]LogLoad: Game class is '2DSideScrollerGameMode_C'
[2020.02.28-02.46.26:556][784]LogWorld: Bringing World /Game/Levels/UEDPIE_0_Level1.Level1 up for play (max tick rate 0) at 2020.02.27-18.46.26
[2020.02.28-02.46.26:557][784]LogWorld: Bringing up level for play took: 0.001840
[2020.02.28-02.46.26:557][784]LogOnline: OSS: Creating online subsystem instance for: :Context_2
[2020.02.28-02.46.26:560][784]LogContentBrowser: Native class hierarchy updated for 'MovieSceneCapture' in 0.0012 seconds. Added 20 classes and 0 folders.
[2020.02.28-02.46.26:567][784]PIE: Play in editor start time for /Game/Levels/UEDPIE_0_Level1 -0.569
[2020.02.28-02.46.27:592][903]LogAudioMixer: Display: No commands were queued while flushing the source manager.
[2020.02.28-02.46.27:592][903]LogAudioMixer: Display: No commands were queued while flushing the source manager.
[2020.02.28-02.46.27:593][903]LogSlate: Updating window title bar state: overlay mode, drag disabled, window buttons hidden, title bar hidden
[2020.02.28-02.46.27:593][903]LogWorld: BeginTearingDown for /Game/Levels/UEDPIE_0_Level1
[2020.02.28-02.46.27:593][903]LogAudioMixer: Display: No commands were queued while flushing the source manager.
[2020.02.28-02.46.27:593][903]LogWorld: UWorld::CleanupWorld for Level1, bSessionEnded=true, bCleanupResources=true
[2020.02.28-02.46.27:593][903]LogSlate: InvalidateAllWidgets triggered.  All widgets were invalidated
[2020.02.28-02.46.27:598][903]LogPlayLevel: Display: Shutting down PIE online subsystems
[2020.02.28-02.46.27:602][903]LogSlate: InvalidateAllWidgets triggered.  All widgets were invalidated
[2020.02.28-02.46.27:628][903]LogAudioMixer: Display: No commands were queued while flushing the source manager.
[2020.02.28-02.46.27:630][903]LogSlate: Updating window title bar state: overlay mode, drag disabled, window buttons hidden, title bar hidden
[2020.02.28-02.46.27:633][903]LogUObjectHash: Compacting FUObjectHashTables data took   1.38ms
[2020.02.28-02.46.27:693][908]LogPlayLevel: Display: Destroying online subsystem :Context_2
[2020.02.28-02.46.34:145][667]LogSlate: Took 0.000245 seconds to synchronously load lazily loaded font '../../../Engine/Content/Slate/Fonts/Roboto-Light.ttf' (167K)
[2020.02.28-02.46.34:182][667]LogAIModule: Creating AISystem for world Title
[2020.02.28-02.46.34:182][667]LogAssetEditorSubsystem: Opening Asset editor for World /Game/Levels/Title.Title
[2020.02.28-02.46.34:207][667]LogUObjectHash: Compacting FUObjectHashTables data took   1.66ms
[2020.02.28-02.46.34:208][667]Cmd: MAP LOAD FILE="../../../../../UEtrials/SELF_PROJECTS/DungeonsAndPixelsRepo/DungeonsAndPixels/DungeonsAndPixels/Content/Levels/Title.umap" TEMPLATE=0 SHOWPROGRESS=1 FEATURELEVEL=3
[2020.02.28-02.46.34:208][667]LightingResults: New page: Lighting Build
[2020.02.28-02.46.34:209][667]LoadErrors: New page: Loading map: Title.umap
[2020.02.28-02.46.34:209][667]LogWorld: UWorld::CleanupWorld for Level1, bSessionEnded=true, bCleanupResources=true
[2020.02.28-02.46.34:209][667]LogSlate: InvalidateAllWidgets triggered.  All widgets were invalidated
[2020.02.28-02.46.34:209][667]MapCheck: New page: Map Check
[2020.02.28-02.46.34:209][667]LightingResults: New page: Lighting Build
[2020.02.28-02.46.34:236][667]LogUObjectHash: Compacting FUObjectHashTables data took   1.38ms
[2020.02.28-02.46.34:288][667]LogEditorServer: Finished looking for orphan Actors (0.000 secs)
[2020.02.28-02.46.34:315][667]LogUObjectHash: Compacting FUObjectHashTables data took   1.16ms
[2020.02.28-02.46.34:339][667]Cmd: MAP CHECKDEP NOCLEARLOG
[2020.02.28-02.46.34:339][667]MapCheck: Map check complete: 0 Error(s), 0 Warning(s), took 0.06ms to complete.
[2020.02.28-02.46.34:339][667]LogFileHelpers: Loading map 'Title' took 0.132
[2020.02.28-02.46.35:676][822]LogTemp: Repeating last play command: Selected Viewport
[2020.02.28-02.46.35:688][822]LogBlueprintUserMessages: Early PlayInEditor Detection: Level '/Game/Levels/Title.Title:PersistentLevel' has LevelScriptBlueprint '/Game/Levels/Title.Title:PersistentLevel.Title' with GeneratedClass '/Game/Levels/Title.Title_C' with ClassGeneratedBy '/Game/Levels/Title.Title:PersistentLevel.Title'
[2020.02.28-02.46.35:688][822]LogPlayLevel: PlayLevel: No blueprints needed recompiling
[2020.02.28-02.46.35:688][822]PIE: New page: PIE session: Title (Feb 27, 2020, 10:46:35 AM)
[2020.02.28-02.46.35:689][822]LogPlayLevel: Creating play world package: /Game/Levels/UEDPIE_0_Title
[2020.02.28-02.46.35:690][822]LogPlayLevel: PIE: StaticDuplicateObject took: (0.001090s)
[2020.02.28-02.46.35:690][822]LogAIModule: Creating AISystem for world Title
[2020.02.28-02.46.35:691][822]LogPlayLevel: PIE: World Init took: (0.000692s)
[2020.02.28-02.46.35:691][822]LogPlayLevel: PIE: Created PIE world by copying editor world from /Game/Levels/Title.Title to /Game/Levels/UEDPIE_0_Title.Title (0.002003s)
[2020.02.28-02.46.35:718][822]LogUObjectHash: Compacting FUObjectHashTables data took   1.16ms
[2020.02.28-02.46.35:718][822]LogHMD: Initializing OVRPlugin session
[2020.02.28-02.46.35:807][822]LogHMD: Allocating Oculus 2688 x 1600 rendertarget swapchain
[2020.02.28-02.46.35:808][822]LogAudioMixer: Display: Audio Mixer Platform Settings:
[2020.02.28-02.46.35:808][822]LogAudioMixer: Display: 	Sample Rate:						  48000
[2020.02.28-02.46.35:808][822]LogAudioMixer: Display: 	Callback Buffer Frame Size Requested: 1024
[2020.02.28-02.46.35:808][822]LogAudioMixer: Display: 	Callback Buffer Frame Size To Use:	  1024
[2020.02.28-02.46.35:808][822]LogAudioMixer: Display: 	Number of buffers to queue:			  2
[2020.02.28-02.46.35:808][822]LogAudioMixer: Display: 	Max Channels (voices):				  32
[2020.02.28-02.46.35:808][822]LogAudioMixer: Display: 	Number of Async Source Workers:		  0
[2020.02.28-02.46.35:808][822]LogAudio: Display: AudioDevice MaxSources: 32
[2020.02.28-02.46.35:808][822]LogAudio: Display: Using built-in audio occlusion.
[2020.02.28-02.46.35:808][822]LogAudioMixer: Display: Initializing audio mixer.
[2020.02.28-02.46.35:860][822]LogAudioMixer: Display: Audio Device Output Speaker Info:
[2020.02.28-02.46.35:860][822]LogAudioMixer: Display: Name: VG248 (NVIDIA High Definition Audio)
[2020.02.28-02.46.35:860][822]LogAudioMixer: Display: Is Default: Yes
[2020.02.28-02.46.35:860][822]LogAudioMixer: Display: Sample Rate: 48000
[2020.02.28-02.46.35:860][822]LogAudioMixer: Display: Channel Count Used: 2
[2020.02.28-02.46.35:860][822]LogAudioMixer: Display: Device Channel Count: 2
[2020.02.28-02.46.35:860][822]LogAudioMixer: Display: Channel Order:
[2020.02.28-02.46.35:860][822]LogAudioMixer: Display: 0: FrontLeft
[2020.02.28-02.46.35:860][822]LogAudioMixer: Display: 1: FrontRight
[2020.02.28-02.46.35:870][822]LogAudioMixer: Display: Using Audio Device VG248 (NVIDIA High Definition Audio)
[2020.02.28-02.46.35:871][822]LogInit: FAudioDevice initialized.
[2020.02.28-02.46.35:881][822]LogLoad: Game class is '2DSideScrollerGameMode_C'
[2020.02.28-02.46.35:882][822]LogWorld: Bringing World /Game/Levels/UEDPIE_0_Title.Title up for play (max tick rate 0) at 2020.02.27-18.46.35
[2020.02.28-02.46.35:882][822]LogWorld: Bringing up level for play took: 0.000319
[2020.02.28-02.46.35:882][822]LogOnline: OSS: Creating online subsystem instance for: :Context_3
[2020.02.28-02.46.35:886][822]PIE: Play in editor start time for /Game/Levels/UEDPIE_0_Title 0.751
[2020.02.28-02.46.35:886][822]LogBlueprintUserMessages: Late PlayInEditor Detection: Level '/Game/Levels/Title.Title:PersistentLevel' has LevelScriptBlueprint '/Game/Levels/Title.Title:PersistentLevel.Title' with GeneratedClass '/Game/Levels/Title.Title_C' with ClassGeneratedBy '/Game/Levels/Title.Title:PersistentLevel.Title'
[2020.02.28-02.46.37:592][ 26]LogNet: Browse: /Game/Levels/Level1
[2020.02.28-02.46.37:592][ 26]LogHMD: FSplash::OnShow
[2020.02.28-02.46.37:593][ 26]LogLoad: LoadMap: /Game/Levels/Level1
[2020.02.28-02.46.37:593][ 26]LogWorld: BeginTearingDown for /Game/Levels/UEDPIE_0_Title
[2020.02.28-02.46.37:593][ 26]LogWorld: UWorld::CleanupWorld for Title, bSessionEnded=true, bCleanupResources=true
[2020.02.28-02.46.37:593][ 26]LogSlate: InvalidateAllWidgets triggered.  All widgets were invalidated
[2020.02.28-02.46.37:598][ 26]LogAudioMixer: Display: Flush succeeded in the source manager command queue (1).
[2020.02.28-02.46.37:618][ 26]LogAudioMixer: Display: Flush succeeded the source manager command queue (2).
[2020.02.28-02.46.37:643][ 26]LogUObjectHash: Compacting FUObjectHashTables data took   1.28ms
[2020.02.28-02.46.37:650][ 26]LogAIModule: Creating AISystem for world Level1
[2020.02.28-02.46.37:650][ 26]LogLoad: Game class is '2DSideScrollerGameMode_C'
[2020.02.28-02.46.37:659][ 26]LogWorld: Bringing World /Game/Levels/UEDPIE_0_Level1.Level1 up for play (max tick rate 0) at 2020.02.27-18.46.37
[2020.02.28-02.46.37:660][ 26]LogWorld: Bringing up level for play took: 0.008457
[2020.02.28-02.46.37:663][ 26]LogLoad: Took 0.070195 seconds to LoadMap(/Game/Levels/Level1)
[2020.02.28-02.46.37:674][ 27]LogHMD: FSplash::OnHide
[2020.02.28-02.46.42:923][656]LogScript: Warning: FLatentActionManager::ProcessLatentActions: CallbackTarget is None.
[2020.02.28-02.46.52:594][811]LogNet: Browse: /Game/Levels/Level2
[2020.02.28-02.46.52:594][811]LogHMD: FSplash::OnShow
[2020.02.28-02.46.52:594][811]LogLoad: LoadMap: /Game/Levels/Level2
[2020.02.28-02.46.52:594][811]LogWorld: BeginTearingDown for /Game/Levels/UEDPIE_0_Level1
[2020.02.28-02.46.52:594][811]LogWorld: UWorld::CleanupWorld for Level1, bSessionEnded=true, bCleanupResources=true
[2020.02.28-02.46.52:595][811]LogSlate: InvalidateAllWidgets triggered.  All widgets were invalidated
[2020.02.28-02.46.52:598][811]LogAudioMixer: Display: Flush succeeded in the source manager command queue (1).
[2020.02.28-02.46.52:618][811]LogAudioMixer: Display: Flush succeeded the source manager command queue (2).
[2020.02.28-02.46.52:646][811]LogUObjectHash: Compacting FUObjectHashTables data took   1.68ms
[2020.02.28-02.46.53:107][811]LogAIModule: Creating AISystem for world Level2
[2020.02.28-02.46.53:107][811]LogLoad: Game class is '2DSideScrollerGameMode_C'
[2020.02.28-02.46.53:118][811]LogWorld: Bringing World /Game/Levels/UEDPIE_0_Level2.Level2 up for play (max tick rate 0) at 2020.02.27-18.46.53
[2020.02.28-02.46.53:118][811]LogWorld: Bringing up level for play took: 0.010156
[2020.02.28-02.46.53:121][811]LogLoad: Took 0.527321 seconds to LoadMap(/Game/Levels/Level2)
[2020.02.28-02.46.53:131][812]LogHMD: FSplash::OnHide
[2020.02.28-02.47.05:063][236]LogNet: Browse: /Game/Levels/Level3
[2020.02.28-02.47.05:064][236]LogHMD: FSplash::OnShow
[2020.02.28-02.47.05:064][236]LogLoad: LoadMap: /Game/Levels/Level3
[2020.02.28-02.47.05:064][236]LogWorld: BeginTearingDown for /Game/Levels/UEDPIE_0_Level2
[2020.02.28-02.47.05:064][236]LogWorld: UWorld::CleanupWorld for Level2, bSessionEnded=true, bCleanupResources=true
[2020.02.28-02.47.05:064][236]LogSlate: InvalidateAllWidgets triggered.  All widgets were invalidated
[2020.02.28-02.47.05:079][236]LogAudioMixer: Display: Flush succeeded in the source manager command queue (1).
[2020.02.28-02.47.05:099][236]LogAudioMixer: Display: Flush succeeded the source manager command queue (2).
[2020.02.28-02.47.05:127][236]LogUObjectHash: Compacting FUObjectHashTables data took   1.88ms
[2020.02.28-02.47.05:134][236]LogAIModule: Creating AISystem for world Level3
[2020.02.28-02.47.05:135][236]LogLoad: Game class is '2DSideScrollerGameMode_C'
[2020.02.28-02.47.05:145][236]LogWorld: Bringing World /Game/Levels/UEDPIE_0_Level3.Level3 up for play (max tick rate 0) at 2020.02.27-18.47.05
[2020.02.28-02.47.05:145][236]LogWorld: Bringing up level for play took: 0.009976
[2020.02.28-02.47.05:148][236]LogLoad: Took 0.084201 seconds to LoadMap(/Game/Levels/Level3)
[2020.02.28-02.47.05:157][237]LogHMD: FSplash::OnHide
[2020.02.28-02.47.21:389][183]LogAudioMixer: Display: No commands were queued while flushing the source manager.
[2020.02.28-02.47.21:389][183]LogAudioMixer: Display: No commands were queued while flushing the source manager.
[2020.02.28-02.47.21:389][183]LogBlueprintUserMessages: Early EndPlayMap Detection: Level '/Game/Levels/Title.Title:PersistentLevel' has LevelScriptBlueprint '/Game/Levels/Title.Title:PersistentLevel.Title' with GeneratedClass '/Game/Levels/Title.Title_C' with ClassGeneratedBy '/Game/Levels/Title.Title:PersistentLevel.Title'
[2020.02.28-02.47.21:390][183]LogSlate: Updating window title bar state: overlay mode, drag disabled, window buttons hidden, title bar hidden
[2020.02.28-02.47.21:390][183]LogWorld: BeginTearingDown for /Game/Levels/UEDPIE_0_Level3
[2020.02.28-02.47.21:390][183]LogAudioMixer: Display: No commands were queued while flushing the source manager.
[2020.02.28-02.47.21:390][183]LogWorld: UWorld::CleanupWorld for Level3, bSessionEnded=true, bCleanupResources=true
[2020.02.28-02.47.21:390][183]LogSlate: InvalidateAllWidgets triggered.  All widgets were invalidated
[2020.02.28-02.47.21:399][183]LogPlayLevel: Display: Shutting down PIE online subsystems
[2020.02.28-02.47.21:399][183]LogBlueprintUserMessages: Late EndPlayMap Detection: Level '/Game/Levels/Title.Title:PersistentLevel' has LevelScriptBlueprint '/Game/Levels/Title.Title:PersistentLevel.Title' with GeneratedClass '/Game/Levels/Title.Title_C' with ClassGeneratedBy '/Game/Levels/Title.Title:PersistentLevel.Title'
[2020.02.28-02.47.21:402][183]LogSlate: InvalidateAllWidgets triggered.  All widgets were invalidated
[2020.02.28-02.47.21:427][183]LogAudioMixer: Display: No commands were queued while flushing the source manager.
[2020.02.28-02.47.21:429][183]LogSlate: Updating window title bar state: overlay mode, drag disabled, window buttons hidden, title bar hidden
[2020.02.28-02.47.21:436][183]LogUObjectHash: Compacting FUObjectHashTables data took   1.50ms
[2020.02.28-02.47.21:492][188]LogPlayLevel: Display: Destroying online subsystem :Context_3
[2020.02.28-02.48.56:200][ 70]LogTemp: Repeating last play command: Selected Viewport
[2020.02.28-02.48.56:212][ 70]LogBlueprintUserMessages: Early PlayInEditor Detection: Level '/Game/Levels/Title.Title:PersistentLevel' has LevelScriptBlueprint '/Game/Levels/Title.Title:PersistentLevel.Title' with GeneratedClass '/Game/Levels/Title.Title_C' with ClassGeneratedBy '/Game/Levels/Title.Title:PersistentLevel.Title'
[2020.02.28-02.48.56:212][ 70]LogPlayLevel: PlayLevel: No blueprints needed recompiling
[2020.02.28-02.48.56:212][ 70]PIE: New page: PIE session: Title (Feb 27, 2020, 10:48:56 AM)
[2020.02.28-02.48.56:212][ 70]LogPlayLevel: Creating play world package: /Game/Levels/UEDPIE_0_Title
[2020.02.28-02.48.56:213][ 70]LogPlayLevel: PIE: StaticDuplicateObject took: (0.001192s)
[2020.02.28-02.48.56:214][ 70]LogAIModule: Creating AISystem for world Title
[2020.02.28-02.48.56:214][ 70]LogPlayLevel: PIE: World Init took: (0.000767s)
[2020.02.28-02.48.56:214][ 70]LogPlayLevel: PIE: Created PIE world by copying editor world from /Game/Levels/Title.Title to /Game/Levels/UEDPIE_0_Title.Title (0.002043s)
[2020.02.28-02.48.56:238][ 70]LogUObjectHash: Compacting FUObjectHashTables data took   1.36ms
[2020.02.28-02.48.56:238][ 70]LogHMD: Initializing OVRPlugin session
[2020.02.28-02.48.56:330][ 70]LogHMD: Allocating Oculus 2688 x 1600 rendertarget swapchain
[2020.02.28-02.48.56:331][ 70]LogAudioMixer: Display: Audio Mixer Platform Settings:
[2020.02.28-02.48.56:331][ 70]LogAudioMixer: Display: 	Sample Rate:						  48000
[2020.02.28-02.48.56:331][ 70]LogAudioMixer: Display: 	Callback Buffer Frame Size Requested: 1024
[2020.02.28-02.48.56:331][ 70]LogAudioMixer: Display: 	Callback Buffer Frame Size To Use:	  1024
[2020.02.28-02.48.56:331][ 70]LogAudioMixer: Display: 	Number of buffers to queue:			  2
[2020.02.28-02.48.56:331][ 70]LogAudioMixer: Display: 	Max Channels (voices):				  32
[2020.02.28-02.48.56:331][ 70]LogAudioMixer: Display: 	Number of Async Source Workers:		  0
[2020.02.28-02.48.56:331][ 70]LogAudio: Display: AudioDevice MaxSources: 32
[2020.02.28-02.48.56:331][ 70]LogAudio: Display: Using built-in audio occlusion.
[2020.02.28-02.48.56:331][ 70]LogAudioMixer: Display: Initializing audio mixer.
[2020.02.28-02.48.56:389][ 70]LogAudioMixer: Display: Audio Device Output Speaker Info:
[2020.02.28-02.48.56:389][ 70]LogAudioMixer: Display: Name: VG248 (NVIDIA High Definition Audio)
[2020.02.28-02.48.56:389][ 70]LogAudioMixer: Display: Is Default: Yes
[2020.02.28-02.48.56:389][ 70]LogAudioMixer: Display: Sample Rate: 48000
[2020.02.28-02.48.56:389][ 70]LogAudioMixer: Display: Channel Count Used: 2
[2020.02.28-02.48.56:389][ 70]LogAudioMixer: Display: Device Channel Count: 2
[2020.02.28-02.48.56:389][ 70]LogAudioMixer: Display: Channel Order:
[2020.02.28-02.48.56:389][ 70]LogAudioMixer: Display: 0: FrontLeft
[2020.02.28-02.48.56:389][ 70]LogAudioMixer: Display: 1: FrontRight
[2020.02.28-02.48.56:400][ 70]LogAudioMixer: Display: Using Audio Device VG248 (NVIDIA High Definition Audio)
[2020.02.28-02.48.56:402][ 70]LogInit: FAudioDevice initialized.
[2020.02.28-02.48.56:409][ 70]LogLoad: Game class is '2DSideScrollerGameMode_C'
[2020.02.28-02.48.56:410][ 70]LogWorld: Bringing World /Game/Levels/UEDPIE_0_Title.Title up for play (max tick rate 0) at 2020.02.27-18.48.56
[2020.02.28-02.48.56:410][ 70]LogWorld: Bringing up level for play took: 0.000348
[2020.02.28-02.48.56:410][ 70]LogOnline: OSS: Creating online subsystem instance for: :Context_4
[2020.02.28-02.48.56:417][ 70]PIE: Play in editor start time for /Game/Levels/UEDPIE_0_Title -0.718
[2020.02.28-02.48.56:418][ 70]LogBlueprintUserMessages: Late PlayInEditor Detection: Level '/Game/Levels/Title.Title:PersistentLevel' has LevelScriptBlueprint '/Game/Levels/Title.Title:PersistentLevel.Title' with GeneratedClass '/Game/Levels/Title.Title_C' with ClassGeneratedBy '/Game/Levels/Title.Title:PersistentLevel.Title'
[2020.02.28-02.48.57:559][205]LogNet: Browse: /Game/Levels/Level1
[2020.02.28-02.48.57:559][205]LogHMD: FSplash::OnShow
[2020.02.28-02.48.57:559][205]LogLoad: LoadMap: /Game/Levels/Level1
[2020.02.28-02.48.57:559][205]LogWorld: BeginTearingDown for /Game/Levels/UEDPIE_0_Title
[2020.02.28-02.48.57:560][205]LogWorld: UWorld::CleanupWorld for Title, bSessionEnded=true, bCleanupResources=true
[2020.02.28-02.48.57:560][205]LogSlate: InvalidateAllWidgets triggered.  All widgets were invalidated
[2020.02.28-02.48.57:573][205]LogAudioMixer: Display: Flush succeeded in the source manager command queue (1).
[2020.02.28-02.48.57:594][205]LogAudioMixer: Display: Flush succeeded the source manager command queue (2).
[2020.02.28-02.48.57:618][205]LogUObjectHash: Compacting FUObjectHashTables data took   1.51ms
[2020.02.28-02.48.57:625][205]LogAIModule: Creating AISystem for world Level1
[2020.02.28-02.48.57:625][205]LogLoad: Game class is '2DSideScrollerGameMode_C'
[2020.02.28-02.48.57:634][205]LogWorld: Bringing World /Game/Levels/UEDPIE_0_Level1.Level1 up for play (max tick rate 0) at 2020.02.27-18.48.57
[2020.02.28-02.48.57:634][205]LogWorld: Bringing up level for play took: 0.007735
[2020.02.28-02.48.57:637][205]LogLoad: Took 0.077353 seconds to LoadMap(/Game/Levels/Level1)
[2020.02.28-02.48.57:646][206]LogHMD: FSplash::OnHide
[2020.02.28-02.49.03:693][930]LogNet: Browse: /Game/Levels/Level2
[2020.02.28-02.49.03:693][930]LogHMD: FSplash::OnShow
[2020.02.28-02.49.03:693][930]LogLoad: LoadMap: /Game/Levels/Level2
[2020.02.28-02.49.03:693][930]LogWorld: BeginTearingDown for /Game/Levels/UEDPIE_0_Level1
[2020.02.28-02.49.03:694][930]LogWorld: UWorld::CleanupWorld for Level1, bSessionEnded=true, bCleanupResources=true
[2020.02.28-02.49.03:694][930]LogSlate: InvalidateAllWidgets triggered.  All widgets were invalidated
[2020.02.28-02.49.03:714][930]LogAudioMixer: Display: Flush succeeded in the source manager command queue (1).
[2020.02.28-02.49.03:734][930]LogAudioMixer: Display: Flush succeeded the source manager command queue (2).
[2020.02.28-02.49.03:759][930]LogUObjectHash: Compacting FUObjectHashTables data took   1.18ms
[2020.02.28-02.49.03:767][930]LogAIModule: Creating AISystem for world Level2
[2020.02.28-02.49.03:767][930]LogLoad: Game class is '2DSideScrollerGameMode_C'
[2020.02.28-02.49.03:778][930]LogWorld: Bringing World /Game/Levels/UEDPIE_0_Level2.Level2 up for play (max tick rate 0) at 2020.02.27-18.49.03
[2020.02.28-02.49.03:778][930]LogWorld: Bringing up level for play took: 0.010150
[2020.02.28-02.49.03:781][930]LogLoad: Took 0.087077 seconds to LoadMap(/Game/Levels/Level2)
[2020.02.28-02.49.03:790][931]LogHMD: FSplash::OnHide
[2020.02.28-02.49.27:074][712]LogNet: Browse: /Game/Levels/Level3
[2020.02.28-02.49.27:074][712]LogHMD: FSplash::OnShow
[2020.02.28-02.49.27:074][712]LogLoad: LoadMap: /Game/Levels/Level3
[2020.02.28-02.49.27:074][712]LogWorld: BeginTearingDown for /Game/Levels/UEDPIE_0_Level2
[2020.02.28-02.49.27:074][712]LogWorld: UWorld::CleanupWorld for Level2, bSessionEnded=true, bCleanupResources=true
[2020.02.28-02.49.27:075][712]LogSlate: InvalidateAllWidgets triggered.  All widgets were invalidated
[2020.02.28-02.49.27:094][712]LogAudioMixer: Display: Flush succeeded in the source manager command queue (1).
[2020.02.28-02.49.27:114][712]LogAudioMixer: Display: Flush succeeded the source manager command queue (2).
[2020.02.28-02.49.27:143][712]LogUObjectHash: Compacting FUObjectHashTables data took   1.30ms
[2020.02.28-02.49.27:150][712]LogAIModule: Creating AISystem for world Level3
[2020.02.28-02.49.27:150][712]LogLoad: Game class is '2DSideScrollerGameMode_C'
[2020.02.28-02.49.27:161][712]LogWorld: Bringing World /Game/Levels/UEDPIE_0_Level3.Level3 up for play (max tick rate 0) at 2020.02.27-18.49.27
[2020.02.28-02.49.27:162][712]LogWorld: Bringing up level for play took: 0.010422
[2020.02.28-02.49.27:165][712]LogLoad: Took 0.090514 seconds to LoadMap(/Game/Levels/Level3)
[2020.02.28-02.49.27:174][713]LogHMD: FSplash::OnHide
[2020.02.28-02.49.44:100][716]LogAudioMixer: Display: No commands were queued while flushing the source manager.
[2020.02.28-02.49.44:105][716]LogAudioMixer: Display: Flush succeeded in the source manager command queue (1).
[2020.02.28-02.49.44:125][716]LogAudioMixer: Display: Flush succeeded the source manager command queue (2).
[2020.02.28-02.49.44:125][716]LogBlueprintUserMessages: Early EndPlayMap Detection: Level '/Game/Levels/Title.Title:PersistentLevel' has LevelScriptBlueprint '/Game/Levels/Title.Title:PersistentLevel.Title' with GeneratedClass '/Game/Levels/Title.Title_C' with ClassGeneratedBy '/Game/Levels/Title.Title:PersistentLevel.Title'
[2020.02.28-02.49.44:125][716]LogSlate: Updating window title bar state: overlay mode, drag disabled, window buttons hidden, title bar hidden
[2020.02.28-02.49.44:126][716]LogWorld: BeginTearingDown for /Game/Levels/UEDPIE_0_Level3
[2020.02.28-02.49.44:126][716]LogAudioMixer: Display: No commands were queued while flushing the source manager.
[2020.02.28-02.49.44:126][716]LogWorld: UWorld::CleanupWorld for Level3, bSessionEnded=true, bCleanupResources=true
[2020.02.28-02.49.44:126][716]LogSlate: InvalidateAllWidgets triggered.  All widgets were invalidated
[2020.02.28-02.49.44:129][716]LogPlayLevel: Display: Shutting down PIE online subsystems
[2020.02.28-02.49.44:129][716]LogBlueprintUserMessages: Late EndPlayMap Detection: Level '/Game/Levels/Title.Title:PersistentLevel' has LevelScriptBlueprint '/Game/Levels/Title.Title:PersistentLevel.Title' with GeneratedClass '/Game/Levels/Title.Title_C' with ClassGeneratedBy '/Game/Levels/Title.Title:PersistentLevel.Title'
[2020.02.28-02.49.44:132][716]LogSlate: InvalidateAllWidgets triggered.  All widgets were invalidated
[2020.02.28-02.49.44:157][716]LogAudioMixer: Display: No commands were queued while flushing the source manager.
[2020.02.28-02.49.44:159][716]LogSlate: Updating window title bar state: overlay mode, drag disabled, window buttons hidden, title bar hidden
[2020.02.28-02.49.44:165][716]LogUObjectHash: Compacting FUObjectHashTables data took   1.31ms
[2020.02.28-02.49.44:200][719]LogPlayLevel: Display: Destroying online subsystem :Context_4
